Using pre-set license
Built from '2022.2/staging' branch; Version is '2022.2.9f1 (1cc571a6ec95) revision 1885553'; Using compiler version '192829333'; Build Type 'Release'
OS: 'Windows 10  (10.0.19045) 64bit Professional' Language: 'en' Physical Memory: 32699 MB
BatchMode: 1, IsHumanControllingUs: 0, StartBugReporterOnCrash: 0, Is64bit: 1, IsPro: 1

COMMAND LINE ARGUMENTS:
E:\Unity\2022.2.9f1\Editor\Unity.exe
-adb2
-batchMode
-noUpm
-name
AssetImportWorker4
-projectPath
E:/Gits/voxLand
-logFile
Logs/AssetImportWorker4.log
-srvPort
64898
Successfully changed project path to: E:/Gits/voxLand
E:/Gits/voxLand
[UnityMemory] Configuration Parameters - Can be set up in boot.config
    "memorysetup-bucket-allocator-granularity=16"
    "memorysetup-bucket-allocator-bucket-count=8"
    "memorysetup-bucket-allocator-block-size=33554432"
    "memorysetup-bucket-allocator-block-count=8"
    "memorysetup-main-allocator-block-size=16777216"
    "memorysetup-thread-allocator-block-size=16777216"
    "memorysetup-gfx-main-allocator-block-size=16777216"
    "memorysetup-gfx-thread-allocator-block-size=16777216"
    "memorysetup-cache-allocator-block-size=4194304"
    "memorysetup-typetree-allocator-block-size=2097152"
    "memorysetup-profiler-bucket-allocator-granularity=16"
    "memorysetup-profiler-bucket-allocator-bucket-count=8"
    "memorysetup-profiler-bucket-allocator-block-size=33554432"
    "memorysetup-profiler-bucket-allocator-block-count=8"
    "memorysetup-profiler-allocator-block-size=16777216"
    "memorysetup-profiler-editor-allocator-block-size=1048576"
    "memorysetup-temp-allocator-size-main=16777216"
    "memorysetup-job-temp-allocator-block-size=2097152"
    "memorysetup-job-temp-allocator-block-size-background=1048576"
    "memorysetup-job-temp-allocator-reduction-small-platforms=262144"
    "memorysetup-temp-allocator-size-background-worker=32768"
    "memorysetup-temp-allocator-size-job-worker=262144"
    "memorysetup-temp-allocator-size-preload-manager=33554432"
    "memorysetup-temp-allocator-size-nav-mesh-worker=65536"
    "memorysetup-temp-allocator-size-audio-worker=65536"
    "memorysetup-temp-allocator-size-cloud-worker=32768"
    "memorysetup-temp-allocator-size-gi-baking-worker=262144"
    "memorysetup-temp-allocator-size-gfx=262144"
Player connection [36344] Host "[IP] 192.168.50.101 [Port] 0 [Flags] 2 [Guid] 569460741 [EditorId] 569460741 [Version] 1048832 [Id] WindowsEditor(7,DESKTOP-GCQLO8P) [Debug] 1 [PackageName] WindowsEditor [ProjectName] Editor" joined multi-casting on [225.0.0.222:54997]...

Player connection [36344] Host "[IP] 192.168.50.101 [Port] 0 [Flags] 2 [Guid] 569460741 [EditorId] 569460741 [Version] 1048832 [Id] WindowsEditor(7,DESKTOP-GCQLO8P) [Debug] 1 [PackageName] WindowsEditor [ProjectName] Editor" joined alternative multi-casting on [225.0.0.222:34997]...

Refreshing native plugins compatible for Editor in 505.35 ms, found 2 plugins.
Preloading 0 native plugins for Editor in 0.00 ms.
Initialize engine version: 2022.2.9f1 (1cc571a6ec95)
[Subsystems] Discovering subsystems at path E:/Unity/2022.2.9f1/Editor/Data/Resources/UnitySubsystems
[Subsystems] Discovering subsystems at path E:/Gits/voxLand/Assets
GfxDevice: creating device client; threaded=0; jobified=0
Direct3D:
    Version:  Direct3D 11.0 [level 11.1]
    Renderer: NVIDIA GeForce RTX 2070 SUPER (ID=0x1e84)
    Vendor:   NVIDIA
    VRAM:     8003 MB
    Driver:   31.0.15.3699
Initialize mono
Mono path[0] = 'E:/Unity/2022.2.9f1/Editor/Data/Managed'
Mono path[1] = 'E:/Unity/2022.2.9f1/Editor/Data/MonoBleedingEdge/lib/mono/unityjit-win32'
Mono config path = 'E:/Unity/2022.2.9f1/Editor/Data/MonoBleedingEdge/etc'
Using monoOptions --debugger-agent=transport=dt_socket,embedding=1,server=y,suspend=n,address=127.0.0.1:56408
Begin MonoManager ReloadAssembly
Registering precompiled unity dll's ...
Register platform support module: E:/Unity/2022.2.9f1/Editor/Data/PlaybackEngines/AndroidPlayer/UnityEditor.Android.Extensions.dll
Register platform support module: E:/Unity/2022.2.9f1/Editor/Data/PlaybackEngines/WindowsStandaloneSupport/UnityEditor.WindowsStandalone.Extensions.dll
Registered in 0.241021 seconds.
- Loaded All Assemblies, in  5.048 seconds
Native extension for WindowsStandalone target not found
Native extension for Android target not found
Android Extension - Scanning For ADB Devices 470 ms
Mono: successfully reloaded assembly
- Finished resetting the current domain, in  0.806 seconds
Domain Reload Profiling:
	ReloadAssembly (4232ms)
		BeginReloadAssembly (3620ms)
			ExecutionOrderSort (0ms)
			DisableScriptedObjects (0ms)
			BackupInstance (0ms)
			ReleaseScriptingObjects (0ms)
			CreateAndSetChildDomain (1ms)
		LoadAllAssembliesAndSetupDomain (0ms)
			LoadAssemblies (3619ms)
			RebuildTransferFunctionScriptingTraits (0ms)
			SetupTypeCache (813ms)
				TypeCache.Initialize (812ms)
					TypeCache.ScanAssembly (811ms)
				ResolveRequiredComponents (0ms)
		FinalizeReload (0ms)
			ReleaseScriptCaches (0ms)
			RebuildScriptCaches (0ms)
			SetupLoadedEditorAssemblies (759ms)
				LogAssemblyErrors (0ms)
				InitializePlatformSupportModulesInManaged (628ms)
				SetLoadedEditorAssemblies (2ms)
				RefreshPlugins (0ms)
				BeforeProcessingInitializeOnLoad (1ms)
				ProcessInitializeOnLoadAttributes (79ms)
				ProcessInitializeOnLoadMethodAttributes (49ms)
				AfterProcessingInitializeOnLoad (0ms)
				EditorAssembliesLoaded (0ms)
			ExecutionOrderSort2 (0ms)
			AwakeInstancesAfterBackupRestoration (0ms)
========================================================================
Worker process is ready to serve import requests
Begin MonoManager ReloadAssembly
- Loaded All Assemblies, in  3.914 seconds
Refreshing native plugins compatible for Editor in 0.85 ms, found 2 plugins.
Native extension for WindowsStandalone target not found
Native extension for Android target not found
Script 'Packages/com.unity.postprocessing/PostProcessing/Shaders/StdLib.hlsl' will not be compiled because it exists outside the Assets folder and does not to belong to any assembly definition file.
Script 'Packages/com.unity.postprocessing/PostProcessing/Shaders/Debug/Waveform.shader' will not be compiled because it exists outside the Assets folder and does not to belong to any assembly definition file.
Script 'Packages/com.unity.postprocessing/PostProcessing/Shaders/Builtins/MultiScaleVOUpsample.compute' will not be compiled because it exists outside the Assets folder and does not to belong to any assembly definition file.
Script 'Packages/com.unity.postprocessing/PostProcessing/Shaders/Builtins/Distortion.hlsl' will not be compiled because it exists outside the Assets folder and does not to belong to any assembly definition file.
Script 'Packages/com.unity.postprocessing/PostProcessing/Shaders/Builtins/ExposureHistogram.hlsl' will not be compiled because it exists outside the Assets folder and does not to belong to any assembly definition file.
Script 'Packages/com.unity.postprocessing/PostProcessing/Shaders/Builtins/Texture3DLerp.compute' will not be compiled because it exists outside the Assets folder and does not to belong to any assembly definition file.
Script 'Packages/com.unity.postprocessing/PostProcessing/Shaders/Builtins/DeferredFog.shader' will not be compiled because it exists outside the Assets folder and does not to belong to any assembly definition file.
Script 'Packages/com.unity.postprocessing/PostProcessing/Shaders/Builtins/TemporalAntialiasing.shader' will not be compiled because it exists outside the Assets folder and does not to belong to any assembly definition file.
Script 'Packages/com.unity.postprocessing/PostProcessing/Shaders/Builtins/FastApproximateAntialiasing.hlsl' will not be compiled because it exists outside the Assets folder and does not to belong to any assembly definition file.
Script 'Packages/com.unity.postprocessing/PostProcessing/Shaders/Builtins/SubpixelMorphologicalAntialiasing.shader' will not be compiled because it exists outside the Assets folder and does not to belong to any assembly definition file.
Script 'Packages/com.unity.postprocessing/PostProcessing/Shaders/Builtins/Dithering.hlsl' will not be compiled because it exists outside the Assets folder and does not to belong to any assembly definition file.
Script 'Packages/com.unity.postprocessing/PostProcessing/Shaders/Builtins/Bloom.shader' will not be compiled because it exists outside the Assets folder and does not to belong to any assembly definition file.
Script 'Packages/com.unity.postprocessing/PostProcessing/Shaders/Debug/Vectorscope.compute' will not be compiled because it exists outside the Assets folder and does not to belong to any assembly definition file.
Script 'Packages/com.unity.postprocessing/PostProcessing/Shaders/Sampling.hlsl' will not be compiled because it exists outside the Assets folder and does not to belong to any assembly definition file.
Script 'Packages/com.unity.postprocessing/PostProcessing/Shaders/Builtins/CopyStdFromTexArray.shader' will not be compiled because it exists outside the Assets folder and does not to belong to any assembly definition file.
Script 'Packages/com.unity.postprocessing/PostProcessing/Shaders/Builtins/Lut3DBaker.compute' will not be compiled because it exists outside the Assets folder and does not to belong to any assembly definition file.
Script 'Packages/com.unity.postprocessing/PostProcessing/Shaders/Debug/Waveform.compute' will not be compiled because it exists outside the Assets folder and does not to belong to any assembly definition file.
Script 'Packages/com.unity.postprocessing/PostProcessing/Shaders/API/PSSL.hlsl' will not be compiled because it exists outside the Assets folder and does not to belong to any assembly definition file.
Script 'Packages/com.unity.postprocessing/PostProcessing/Shaders/Debug/LightMeter.shader' will not be compiled because it exists outside the Assets folder and does not to belong to any assembly definition file.
Script 'Packages/com.unity.postprocessing/PostProcessing/Shaders/Builtins/AutoExposure.compute' will not be compiled because it exists outside the Assets folder and does not to belong to any assembly definition file.
Script 'Packages/com.unity.postprocessing/PostProcessing/Shaders/Builtins/MultiScaleVORender.compute' will not be compiled because it exists outside the Assets folder and does not to belong to any assembly definition file.
Script 'Packages/com.unity.postprocessing/PostProcessing/Shaders/Builtins/Texture2DLerp.shader' will not be compiled because it exists outside the Assets folder and does not to belong to any assembly definition file.
Script 'Packages/com.unity.postprocessing/PostProcessing/Shaders/Builtins/SubpixelMorphologicalAntialiasingBridge.hlsl' will not be compiled because it exists outside the Assets folder and does not to belong to any assembly definition file.
Script 'Packages/com.unity.postprocessing/PostProcessing/Shaders/Builtins/DiskKernels.hlsl' will not be compiled because it exists outside the Assets folder and does not to belong to any assembly definition file.
Script 'Packages/com.unity.postprocessing/PostProcessing/Shaders/API/D3D11.hlsl' will not be compiled because it exists outside the Assets folder and does not to belong to any assembly definition file.
Script 'Packages/com.unity.postprocessing/PostProcessing/Shaders/Builtins/MultiScaleVODownsample2.compute' will not be compiled because it exists outside the Assets folder and does not to belong to any assembly definition file.
Script 'Packages/com.unity.postprocessing/PostProcessing/Shaders/Builtins/ScalableAO.hlsl' will not be compiled because it exists outside the Assets folder and does not to belong to any assembly definition file.
Script 'Packages/com.unity.postprocessing/PostProcessing/Shaders/Builtins/MultiScaleVO.shader' will not be compiled because it exists outside the Assets folder and does not to belong to any assembly definition file.
Script 'Packages/com.unity.postprocessing/PostProcessing/Shaders/Debug/Vectorscope.shader' will not be compiled because it exists outside the Assets folder and does not to belong to any assembly definition file.
Script 'Packages/com.unity.postprocessing/PostProcessing/Shaders/API/D3D9.hlsl' will not be compiled because it exists outside the Assets folder and does not to belong to any assembly definition file.
Script 'Packages/com.unity.postprocessing/PostProcessing/Shaders/Builtins/ScalableAO.shader' will not be compiled because it exists outside the Assets folder and does not to belong to any assembly definition file.
Script 'Packages/com.unity.postprocessing/PostProcessing/Shaders/ACES.hlsl' will not be compiled because it exists outside the Assets folder and does not to belong to any assembly definition file.
Script 'Packages/com.unity.postprocessing/PostProcessing/Shaders/Builtins/FinalPass.shader' will not be compiled because it exists outside the Assets folder and does not to belong to any assembly definition file.
Script 'Packages/com.unity.postprocessing/PostProcessing/Shaders/Debug/Histogram.shader' will not be compiled because it exists outside the Assets folder and does not to belong to any assembly definition file.
Script 'Packages/com.unity.postprocessing/PostProcessing/Shaders/Debug/Histogram.compute' will not be compiled because it exists outside the Assets folder and does not to belong to any assembly definition file.
Script 'Packages/com.unity.postprocessing/PostProcessing/Shaders/API/Switch.hlsl' will not be compiled because it exists outside the Assets folder and does not to belong to any assembly definition file.
Script 'Packages/com.unity.postprocessing/PostProcessing/Shaders/API/Metal.hlsl' will not be compiled because it exists outside the Assets folder and does not to belong to any assembly definition file.
Script 'Packages/com.unity.postprocessing/PostProcessing/Shaders/Builtins/Uber.shader' will not be compiled because it exists outside the Assets folder and does not to belong to any assembly definition file.
Script 'Packages/com.unity.postprocessing/PostProcessing/Shaders/xRLib.hlsl' will not be compiled because it exists outside the Assets folder and does not to belong to any assembly definition file.
Script 'Packages/com.unity.postprocessing/PostProcessing/Shaders/Builtins/CopyStdFromDoubleWide.shader' will not be compiled because it exists outside the Assets folder and does not to belong to any assembly definition file.
Script 'Packages/com.unity.postprocessing/PostProcessing/Shaders/Debug/Overlays.shader' will not be compiled because it exists outside the Assets folder and does not to belong to any assembly definition file.
Script 'Packages/com.unity.postprocessing/PostProcessing/Shaders/API/PSP2.hlsl' will not be compiled because it exists outside the Assets folder and does not to belong to any assembly definition file.
Script 'Packages/com.unity.postprocessing/PostProcessing/Shaders/Builtins/ScreenSpaceReflections.shader' will not be compiled because it exists outside the Assets folder and does not to belong to any assembly definition file.
Script 'Packages/com.unity.postprocessing/PostProcessing/Shaders/Builtins/DepthOfField.hlsl' will not be compiled because it exists outside the Assets folder and does not to belong to any assembly definition file.
Script 'Packages/com.unity.postprocessing/PostProcessing/Shaders/Builtins/DiscardAlpha.shader' will not be compiled because it exists outside the Assets folder and does not to belong to any assembly definition file.
Script 'Packages/com.unity.postprocessing/PostProcessing/Shaders/API/OpenGL.hlsl' will not be compiled because it exists outside the Assets folder and does not to belong to any assembly definition file.
Script 'Packages/com.unity.postprocessing/PostProcessing/Shaders/Builtins/Lut2DBaker.shader' will not be compiled because it exists outside the Assets folder and does not to belong to any assembly definition file.
Script 'Packages/com.unity.postprocessing/PostProcessing/Shaders/Builtins/CopyStd.shader' will not be compiled because it exists outside the Assets folder and does not to belong to any assembly definition file.
Script 'Packages/com.unity.textmeshpro/Editor Resources/Shaders/TMP_SDF_SSD.cginc' will not be compiled because it exists outside the Assets folder and does not to belong to any assembly definition file.
Script 'Packages/com.unity.postprocessing/PostProcessing/Shaders/Builtins/MotionBlur.shader' will not be compiled because it exists outside the Assets folder and does not to belong to any assembly definition file.
Script 'Packages/com.unity.textmeshpro/Editor Resources/Shaders/TMP_Properties.cginc' will not be compiled because it exists outside the Assets folder and does not to belong to any assembly definition file.
Script 'Packages/com.unity.postprocessing/PostProcessing/Shaders/Builtins/MultiScaleVODownsample1.compute' will not be compiled because it exists outside the Assets folder and does not to belong to any assembly definition file.
Script 'Packages/com.unity.postprocessing/PostProcessing/Shaders/Builtins/Fog.hlsl' will not be compiled because it exists outside the Assets folder and does not to belong to any assembly definition file.
Script 'Packages/com.unity.postprocessing/PostProcessing/Shaders/Builtins/ExposureHistogram.compute' will not be compiled because it exists outside the Assets folder and does not to belong to any assembly definition file.
Script 'Packages/com.unity.textmeshpro/Editor Resources/Shaders/TMP_SDF Internal Editor.shader' will not be compiled because it exists outside the Assets folder and does not to belong to any assembly definition file.
Script 'Packages/com.unity.postprocessing/PostProcessing/Shaders/Builtins/GrainBaker.shader' will not be compiled because it exists outside the Assets folder and does not to belong to any assembly definition file.
Script 'Packages/com.unity.postprocessing/PostProcessing/Shaders/Builtins/GaussianDownsample.compute' will not be compiled because it exists outside the Assets folder and does not to belong to any assembly definition file.
Script 'Packages/com.unity.postprocessing/PostProcessing/Shaders/Builtins/ScreenSpaceReflections.hlsl' will not be compiled because it exists outside the Assets folder and does not to belong to any assembly definition file.
Script 'Packages/com.unity.postprocessing/PostProcessing/Shaders/API/XboxOne.hlsl' will not be compiled because it exists outside the Assets folder and does not to belong to any assembly definition file.
Script 'Packages/com.unity.postprocessing/PostProcessing/Shaders/Builtins/Copy.shader' will not be compiled because it exists outside the Assets folder and does not to belong to any assembly definition file.
Script 'Packages/com.unity.postprocessing/PostProcessing/Shaders/API/D3D12.hlsl' will not be compiled because it exists outside the Assets folder and does not to belong to any assembly definition file.
Script 'Packages/com.unity.postprocessing/PostProcessing/Shaders/Builtins/DepthOfField.shader' will not be compiled because it exists outside the Assets folder and does not to belong to any assembly definition file.
Script 'Packages/com.unity.postprocessing/PostProcessing/Shaders/Builtins/SubpixelMorphologicalAntialiasing.hlsl' will not be compiled because it exists outside the Assets folder and does not to belong to any assembly definition file.
Script 'Packages/com.unity.postprocessing/PostProcessing/Shaders/API/Vulkan.hlsl' will not be compiled because it exists outside the Assets folder and does not to belong to any assembly definition file.
Script 'Packages/com.unity.postprocessing/PostProcessing/Shaders/Colors.hlsl' will not be compiled because it exists outside the Assets folder and does not to belong to any assembly definition file.
Mono: successfully reloaded assembly
- Finished resetting the current domain, in  0.618 seconds
Domain Reload Profiling:
	ReloadAssembly (186ms)
		BeginReloadAssembly (110ms)
			ExecutionOrderSort (0ms)
			DisableScriptedObjects (5ms)
			BackupInstance (0ms)
			ReleaseScriptingObjects (0ms)
			CreateAndSetChildDomain (19ms)
		LoadAllAssembliesAndSetupDomain (3727ms)
			LoadAssemblies (3397ms)
			RebuildTransferFunctionScriptingTraits (0ms)
			SetupTypeCache (389ms)
				TypeCache.Initialize (377ms)
					TypeCache.ScanAssembly (375ms)
				ResolveRequiredComponents (4ms)
		FinalizeReload (0ms)
			ReleaseScriptCaches (0ms)
			RebuildScriptCaches (0ms)
			SetupLoadedEditorAssemblies (480ms)
				LogAssemblyErrors (0ms)
				InitializePlatformSupportModulesInManaged (15ms)
				SetLoadedEditorAssemblies (2ms)
				RefreshPlugins (0ms)
				BeforeProcessingInitializeOnLoad (39ms)
				ProcessInitializeOnLoadAttributes (406ms)
				ProcessInitializeOnLoadMethodAttributes (16ms)
				AfterProcessingInitializeOnLoad (2ms)
				EditorAssembliesLoaded (0ms)
			ExecutionOrderSort2 (0ms)
			AwakeInstancesAfterBackupRestoration (6ms)
Launched and connected shader compiler UnityShaderCompiler.exe after 0.09 seconds
Refreshing native plugins compatible for Editor in 1.13 ms, found 2 plugins.
Preloading 0 native plugins for Editor in 0.00 ms.
Unloading 1759 Unused Serialized files (Serialized files now loaded: 0)
Unloading 38 unused Assets / (1.6 MB). Loaded Objects now: 2257.
Memory consumption went from 328.0 MB to 326.3 MB.
Total: 3.296100 ms (FindLiveObjects: 0.171100 ms CreateObjectMapping: 0.049000 ms MarkObjects: 2.585100 ms  DeleteObjects: 0.489900 ms)

AssetImportParameters requested are different than current active one (requested -> active):
  custom:video-decoder-webm-vp8: 9c59270c3fd7afecdb556c50c9e8de78 -> 
  custom:container-demuxer-ogg: 62fdf1f143b41e24485cea50d1cbac27 -> 
  custom:AudioImporter_EditorPlatform: d09bf68614088b80899f8185d706f6e7 -> 
  custom:video-decoder-ogg-theora: a1e56fd34408186e4bbccfd4996cb3dc -> 
  custom:framework-win-MediaFoundation: 216162199b28c13a410421893ffa2e32 -> 
  custom:video-encoder-webm-vp8: eb34c28f22e8b96e1ab97ce403110664 -> 
  custom:audio-decoder-ogg-vorbis: bf7c407c2cedff20999df2af8eb42d56 -> 
  custom:container-demuxer-webm: 4f35f7cbe854078d1ac9338744f61a02 -> 
  custom:audio-encoder-webm-vorbis: bf7c407c2cedff20999df2af8eb42d56 -> 
  custom:container-muxer-webm: aa71ff27fc2769a1b78a27578f13a17b -> 
========================================================================
Received Import Request.
  Time since last request: 243642.824610 seconds.
  path: Assets/Scripts/AI/ChickenDemoLevel.controller
  artifactKey: Guid(4e4b44b627a98c543abb3c98ca4dccf7) Importer(815301076,1909f56bfc062723c751e8b465ee728b)
Start importing Assets/Scripts/AI/ChickenDemoLevel.controller using Guid(4e4b44b627a98c543abb3c98ca4dccf7) Importer(815301076,1909f56bfc062723c751e8b465ee728b)  -> (artifact id: '2347cc1020c95ec4dad28f4b16c6332d') in 0.014699 seconds 
Number of updated asset objects reloaded before import = 0
Number of asset objects unloaded after import = 182
========================================================================
Received Import Request.
  Time since last request: 1.523993 seconds.
  path: Assets/Scripts/AI/BossAI.controller
  artifactKey: Guid(19ae3a495cbfa444b90d0a84ba789c9f) Importer(815301076,1909f56bfc062723c751e8b465ee728b)
Start importing Assets/Scripts/AI/BossAI.controller using Guid(19ae3a495cbfa444b90d0a84ba789c9f) Importer(815301076,1909f56bfc062723c751e8b465ee728b)  -> (artifact id: '83c2815be3c7960e35678c8ceb11a9b8') in 0.002933 seconds 
Number of updated asset objects reloaded before import = 0
Number of asset objects unloaded after import = 49
========================================================================
Received Import Request.
  Time since last request: 7.178836 seconds.
  path: Assets/Scripts/AI/AITemplate.controller
  artifactKey: Guid(bfea9ebaff070e54496660dacd2b0ac8) Importer(815301076,1909f56bfc062723c751e8b465ee728b)
Start importing Assets/Scripts/AI/AITemplate.controller using Guid(bfea9ebaff070e54496660dacd2b0ac8) Importer(815301076,1909f56bfc062723c751e8b465ee728b)  -> (artifact id: '173e420096442e78f17341cee87c65da') in 0.001404 seconds 
Number of updated asset objects reloaded before import = 0
Number of asset objects unloaded after import = 27
========================================================================
Received Prepare
Begin MonoManager ReloadAssembly
- Loaded All Assemblies, in  0.535 seconds
Refreshing native plugins compatible for Editor in 1.15 ms, found 2 plugins.
Native extension for WindowsStandalone target not found
Native extension for Android target not found
Mono: successfully reloaded assembly
- Finished resetting the current domain, in  0.505 seconds
Domain Reload Profiling:
	ReloadAssembly (257ms)
		BeginReloadAssembly (194ms)
			ExecutionOrderSort (0ms)
			DisableScriptedObjects (4ms)
			BackupInstance (0ms)
			ReleaseScriptingObjects (0ms)
			CreateAndSetChildDomain (29ms)
		LoadAllAssembliesAndSetupDomain (277ms)
			LoadAssemblies (153ms)
			RebuildTransferFunctionScriptingTraits (0ms)
			SetupTypeCache (183ms)
				TypeCache.Initialize (179ms)
					TypeCache.ScanAssembly (174ms)
				ResolveRequiredComponents (4ms)
		FinalizeReload (0ms)
			ReleaseScriptCaches (0ms)
			RebuildScriptCaches (0ms)
			SetupLoadedEditorAssemblies (263ms)
				LogAssemblyErrors (0ms)
				InitializePlatformSupportModulesInManaged (19ms)
				SetLoadedEditorAssemblies (3ms)
				RefreshPlugins (0ms)
				BeforeProcessingInitializeOnLoad (36ms)
				ProcessInitializeOnLoadAttributes (185ms)
				ProcessInitializeOnLoadMethodAttributes (17ms)
				AfterProcessingInitializeOnLoad (2ms)
				EditorAssembliesLoaded (0ms)
			ExecutionOrderSort2 (0ms)
			AwakeInstancesAfterBackupRestoration (7ms)
Refreshing native plugins compatible for Editor in 1.25 ms, found 2 plugins.
Preloading 0 native plugins for Editor in 0.00 ms.
Unloading 1695 Unused Serialized files (Serialized files now loaded: 0)
Unloading 33 unused Assets / (1.6 MB). Loaded Objects now: 2261.
Memory consumption went from 313.3 MB to 311.7 MB.
Total: 3.923200 ms (FindLiveObjects: 0.182400 ms CreateObjectMapping: 0.045500 ms MarkObjects: 2.889600 ms  DeleteObjects: 0.803800 ms)

Prepare: number of updated asset objects reloaded= 0
AssetImportParameters requested are different than current active one (requested -> active):
  custom:video-decoder-webm-vp8: 9c59270c3fd7afecdb556c50c9e8de78 -> 
  custom:container-demuxer-ogg: 62fdf1f143b41e24485cea50d1cbac27 -> 
  custom:AudioImporter_EditorPlatform: d09bf68614088b80899f8185d706f6e7 -> 
  custom:video-decoder-ogg-theora: a1e56fd34408186e4bbccfd4996cb3dc -> 
  custom:framework-win-MediaFoundation: 216162199b28c13a410421893ffa2e32 -> 
  custom:video-encoder-webm-vp8: eb34c28f22e8b96e1ab97ce403110664 -> 
  custom:audio-decoder-ogg-vorbis: bf7c407c2cedff20999df2af8eb42d56 -> 
  custom:container-demuxer-webm: 4f35f7cbe854078d1ac9338744f61a02 -> 
  custom:audio-encoder-webm-vorbis: bf7c407c2cedff20999df2af8eb42d56 -> 
  custom:container-muxer-webm: aa71ff27fc2769a1b78a27578f13a17b -> 
========================================================================
Received Prepare
Begin MonoManager ReloadAssembly
- Loaded All Assemblies, in  0.530 seconds
Refreshing native plugins compatible for Editor in 0.88 ms, found 2 plugins.
Native extension for WindowsStandalone target not found
Native extension for Android target not found
Mono: successfully reloaded assembly
- Finished resetting the current domain, in  0.620 seconds
Domain Reload Profiling:
	ReloadAssembly (260ms)
		BeginReloadAssembly (199ms)
			ExecutionOrderSort (0ms)
			DisableScriptedObjects (5ms)
			BackupInstance (0ms)
			ReleaseScriptingObjects (0ms)
			CreateAndSetChildDomain (30ms)
		LoadAllAssembliesAndSetupDomain (270ms)
			LoadAssemblies (159ms)
			RebuildTransferFunctionScriptingTraits (0ms)
			SetupTypeCache (173ms)
				TypeCache.Initialize (170ms)
					TypeCache.ScanAssembly (166ms)
				ResolveRequiredComponents (4ms)
		FinalizeReload (0ms)
			ReleaseScriptCaches (0ms)
			RebuildScriptCaches (0ms)
			SetupLoadedEditorAssemblies (345ms)
				LogAssemblyErrors (0ms)
				InitializePlatformSupportModulesInManaged (20ms)
				SetLoadedEditorAssemblies (2ms)
				RefreshPlugins (0ms)
				BeforeProcessingInitializeOnLoad (52ms)
				ProcessInitializeOnLoadAttributes (242ms)
				ProcessInitializeOnLoadMethodAttributes (26ms)
				AfterProcessingInitializeOnLoad (3ms)
				EditorAssembliesLoaded (0ms)
			ExecutionOrderSort2 (0ms)
			AwakeInstancesAfterBackupRestoration (11ms)
Refreshing native plugins compatible for Editor in 1.28 ms, found 2 plugins.
Preloading 0 native plugins for Editor in 0.00 ms.
Unloading 1695 Unused Serialized files (Serialized files now loaded: 0)
Unloading 33 unused Assets / (1.6 MB). Loaded Objects now: 2264.
Memory consumption went from 313.3 MB to 311.7 MB.
Total: 3.357900 ms (FindLiveObjects: 0.196900 ms CreateObjectMapping: 0.047000 ms MarkObjects: 2.606400 ms  DeleteObjects: 0.506300 ms)

Prepare: number of updated asset objects reloaded= 0
AssetImportParameters requested are different than current active one (requested -> active):
  custom:video-decoder-webm-vp8: 9c59270c3fd7afecdb556c50c9e8de78 -> 
  custom:container-demuxer-ogg: 62fdf1f143b41e24485cea50d1cbac27 -> 
  custom:AudioImporter_EditorPlatform: d09bf68614088b80899f8185d706f6e7 -> 
  custom:video-decoder-ogg-theora: a1e56fd34408186e4bbccfd4996cb3dc -> 
  custom:framework-win-MediaFoundation: 216162199b28c13a410421893ffa2e32 -> 
  custom:video-encoder-webm-vp8: eb34c28f22e8b96e1ab97ce403110664 -> 
  custom:audio-decoder-ogg-vorbis: bf7c407c2cedff20999df2af8eb42d56 -> 
  custom:container-demuxer-webm: 4f35f7cbe854078d1ac9338744f61a02 -> 
  custom:audio-encoder-webm-vorbis: bf7c407c2cedff20999df2af8eb42d56 -> 
  custom:container-muxer-webm: aa71ff27fc2769a1b78a27578f13a17b -> 
========================================================================
Received Import Request.
  Time since last request: 1388.153910 seconds.
  path: Assets/Sandbox/terrain/Lightmap-25_comp_light.exr
  artifactKey: Guid(3957aebc28e581f4f81397c8c1272a95) Importer(815301076,1909f56bfc062723c751e8b465ee728b)
Start importing Assets/Sandbox/terrain/Lightmap-25_comp_light.exr using Guid(3957aebc28e581f4f81397c8c1272a95) Importer(815301076,1909f56bfc062723c751e8b465ee728b)  -> (artifact id: '0fafe42a84b9386cd8085e495901f7f3') in 0.073934 seconds 
Number of updated asset objects reloaded before import = 0
Number of asset objects unloaded after import = 2
========================================================================
Received Import Request.
  Time since last request: 0.000014 seconds.
  path: Assets/Sandbox/terrain/Lightmap-27_comp_dir.png
  artifactKey: Guid(3585de9fb95e8a14ba3aeb611a76c6e7) Importer(815301076,1909f56bfc062723c751e8b465ee728b)
Start importing Assets/Sandbox/terrain/Lightmap-27_comp_dir.png using Guid(3585de9fb95e8a14ba3aeb611a76c6e7) Importer(815301076,1909f56bfc062723c751e8b465ee728b)  -> (artifact id: 'e0c2cd2f6232e13570b5194842efc352') in 0.014976 seconds 
Number of updated asset objects reloaded before import = 0
Number of asset objects unloaded after import = 2
========================================================================
Received Import Request.
  Time since last request: 0.000091 seconds.
  path: Assets/Sandbox/terrain/Lightmap-27_comp_shadowmask.png
  artifactKey: Guid(327cc272b66378843b9d1017b3f91748) Importer(815301076,1909f56bfc062723c751e8b465ee728b)
Start importing Assets/Sandbox/terrain/Lightmap-27_comp_shadowmask.png using Guid(327cc272b66378843b9d1017b3f91748) Importer(815301076,1909f56bfc062723c751e8b465ee728b)  -> (artifact id: '53613ef498f8da03ab2d840c06679ac0') in 0.007124 seconds 
Number of updated asset objects reloaded before import = 0
Number of asset objects unloaded after import = 2
========================================================================
Received Import Request.
  Time since last request: 0.000015 seconds.
  path: Assets/Sandbox/terrain/Lightmap-28_comp_shadowmask.png
  artifactKey: Guid(58c5581cc3855a94886ee077f1a9f145) Importer(815301076,1909f56bfc062723c751e8b465ee728b)
Start importing Assets/Sandbox/terrain/Lightmap-28_comp_shadowmask.png using Guid(58c5581cc3855a94886ee077f1a9f145) Importer(815301076,1909f56bfc062723c751e8b465ee728b)  -> (artifact id: '514678a50354ce122cdf55f94a01e059') in 0.006765 seconds 
Number of updated asset objects reloaded before import = 0
Number of asset objects unloaded after import = 2
========================================================================
Received Import Request.
  Time since last request: 0.000017 seconds.
  path: Assets/Sandbox/terrain/Lightmap-29_comp_shadowmask.png
  artifactKey: Guid(1b012cf4e3e3dab498819277705c63f8) Importer(815301076,1909f56bfc062723c751e8b465ee728b)
Start importing Assets/Sandbox/terrain/Lightmap-29_comp_shadowmask.png using Guid(1b012cf4e3e3dab498819277705c63f8) Importer(815301076,1909f56bfc062723c751e8b465ee728b)  -> (artifact id: '7cc6a6f2f8eedbb2896720b5eab2d850') in 0.030488 seconds 
Number of updated asset objects reloaded before import = 0
Number of asset objects unloaded after import = 2
========================================================================
Received Import Request.
  Time since last request: 0.000024 seconds.
  path: Assets/Sandbox/terrain/Lightmap-26_comp_shadowmask.png
  artifactKey: Guid(9ba06c4449ac4c64fa6379b76643e862) Importer(815301076,1909f56bfc062723c751e8b465ee728b)
Start importing Assets/Sandbox/terrain/Lightmap-26_comp_shadowmask.png using Guid(9ba06c4449ac4c64fa6379b76643e862) Importer(815301076,1909f56bfc062723c751e8b465ee728b)  -> (artifact id: '8bd7932b2317e24ef858637541b62c34') in 0.028188 seconds 
Number of updated asset objects reloaded before import = 0
Number of asset objects unloaded after import = 2
========================================================================
Received Import Request.
  Time since last request: 0.000026 seconds.
  path: Assets/Sandbox/terrain/Lightmap-28_comp_light.exr
  artifactKey: Guid(6b656be2ca051ee478c8a479abc60a37) Importer(815301076,1909f56bfc062723c751e8b465ee728b)
Start importing Assets/Sandbox/terrain/Lightmap-28_comp_light.exr using Guid(6b656be2ca051ee478c8a479abc60a37) Importer(815301076,1909f56bfc062723c751e8b465ee728b)  -> (artifact id: 'c99e88807feeee20d73cfb12ee372efd') in 0.019902 seconds 
Number of updated asset objects reloaded before import = 0
Number of asset objects unloaded after import = 2
========================================================================
Received Import Request.
  Time since last request: 0.000024 seconds.
  path: Assets/Sandbox/terrain/Lightmap-29_comp_light.exr
  artifactKey: Guid(c034ea1bae313674a8638cf018bbe278) Importer(815301076,1909f56bfc062723c751e8b465ee728b)
Start importing Assets/Sandbox/terrain/Lightmap-29_comp_light.exr using Guid(c034ea1bae313674a8638cf018bbe278) Importer(815301076,1909f56bfc062723c751e8b465ee728b)  -> (artifact id: 'dabf5982bbddaacf09d1c1fd0ec82e36') in 0.024574 seconds 
Number of updated asset objects reloaded before import = 0
Number of asset objects unloaded after import = 2
========================================================================
Received Import Request.
  Time since last request: 0.145313 seconds.
  path: Assets/Sandbox/terrain/Lightmap-30_comp_dir.png
  artifactKey: Guid(a82809cabbe0f7943ac8bac17d3562b9) Importer(815301076,1909f56bfc062723c751e8b465ee728b)
Start importing Assets/Sandbox/terrain/Lightmap-30_comp_dir.png using Guid(a82809cabbe0f7943ac8bac17d3562b9) Importer(815301076,1909f56bfc062723c751e8b465ee728b)  -> (artifact id: '4fffe5fc7ad2d81df3cc5463ed42189f') in 0.012664 seconds 
Number of updated asset objects reloaded before import = 0
Number of asset objects unloaded after import = 2
========================================================================
Received Import Request.
  Time since last request: 0.006440 seconds.
  path: Assets/Sandbox/terrain/Lightmap-31_comp_dir.png
  artifactKey: Guid(fd7c303e32590074b89b4b33db57777e) Importer(815301076,1909f56bfc062723c751e8b465ee728b)
Start importing Assets/Sandbox/terrain/Lightmap-31_comp_dir.png using Guid(fd7c303e32590074b89b4b33db57777e) Importer(815301076,1909f56bfc062723c751e8b465ee728b)  -> (artifact id: '97946825a450a9d5e8b224130b413d9f') in 0.013577 seconds 
Number of updated asset objects reloaded before import = 0
Number of asset objects unloaded after import = 2
========================================================================
Received Import Request.
  Time since last request: 0.005554 seconds.
  path: Assets/Sandbox/terrain/Lightmap-32_comp_dir.png
  artifactKey: Guid(59784709c092613418eb0c2a7473024d) Importer(815301076,1909f56bfc062723c751e8b465ee728b)
Start importing Assets/Sandbox/terrain/Lightmap-32_comp_dir.png using Guid(59784709c092613418eb0c2a7473024d) Importer(815301076,1909f56bfc062723c751e8b465ee728b)  -> (artifact id: 'd38ee8dcd54a88f61eaffb6a9c46eb7d') in 0.013772 seconds 
Number of updated asset objects reloaded before import = 0
Number of asset objects unloaded after import = 2
========================================================================
Received Import Request.
  Time since last request: 0.007307 seconds.
  path: Assets/Sandbox/terrain/Lightmap-33_comp_dir.png
  artifactKey: Guid(3f4e3f84b86a1564eb983bb0cdc24090) Importer(815301076,1909f56bfc062723c751e8b465ee728b)
Start importing Assets/Sandbox/terrain/Lightmap-33_comp_dir.png using Guid(3f4e3f84b86a1564eb983bb0cdc24090) Importer(815301076,1909f56bfc062723c751e8b465ee728b)  -> (artifact id: 'a4b43fd765704b932813fdd043f5904b') in 0.012644 seconds 
Number of updated asset objects reloaded before import = 0
Number of asset objects unloaded after import = 2
========================================================================
Received Import Request.
  Time since last request: 0.006744 seconds.
  path: Assets/Sandbox/terrain/Lightmap-34_comp_dir.png
  artifactKey: Guid(e2d6217f38183804cb31959c503de10d) Importer(815301076,1909f56bfc062723c751e8b465ee728b)
Start importing Assets/Sandbox/terrain/Lightmap-34_comp_dir.png using Guid(e2d6217f38183804cb31959c503de10d) Importer(815301076,1909f56bfc062723c751e8b465ee728b)  -> (artifact id: '5874fd676be646694a9bf44780763c68') in 0.019338 seconds 
Number of updated asset objects reloaded before import = 0
Number of asset objects unloaded after import = 2
========================================================================
Received Import Request.
  Time since last request: 0.002032 seconds.
  path: Assets/Sandbox/terrain/Lightmap-35_comp_dir.png
  artifactKey: Guid(1602f3cfda399e24e976a169909cbf40) Importer(815301076,1909f56bfc062723c751e8b465ee728b)
Start importing Assets/Sandbox/terrain/Lightmap-35_comp_dir.png using Guid(1602f3cfda399e24e976a169909cbf40) Importer(815301076,1909f56bfc062723c751e8b465ee728b)  -> (artifact id: 'fbab0be71f2f82c6eb99057dd6ae3ebc') in 0.013588 seconds 
Number of updated asset objects reloaded before import = 0
Number of asset objects unloaded after import = 2
========================================================================
Received Import Request.
  Time since last request: 0.000018 seconds.
  path: Assets/Sandbox/terrain/Lightmap-35_comp_shadowmask.png
  artifactKey: Guid(d8181869b2f022e47a227070f0132c7a) Importer(815301076,1909f56bfc062723c751e8b465ee728b)
Start importing Assets/Sandbox/terrain/Lightmap-35_comp_shadowmask.png using Guid(d8181869b2f022e47a227070f0132c7a) Importer(815301076,1909f56bfc062723c751e8b465ee728b)  -> (artifact id: '523f7ecf2f38f15b5020ce1d03c392b2') in 0.014350 seconds 
Number of updated asset objects reloaded before import = 0
Number of asset objects unloaded after import = 2
========================================================================
Received Import Request.
  Time since last request: 0.030983 seconds.
  path: Assets/Sandbox/terrain/Lightmap-36_comp_dir.png
  artifactKey: Guid(da92bbec066f0024fa7a5d99d6780ec2) Importer(815301076,1909f56bfc062723c751e8b465ee728b)
Start importing Assets/Sandbox/terrain/Lightmap-36_comp_dir.png using Guid(da92bbec066f0024fa7a5d99d6780ec2) Importer(815301076,1909f56bfc062723c751e8b465ee728b)  -> (artifact id: '7b336f2c7499561d90ea8e56d839f7f6') in 0.013487 seconds 
Number of updated asset objects reloaded before import = 0
Number of asset objects unloaded after import = 2
========================================================================
Received Import Request.
  Time since last request: 0.000014 seconds.
  path: Assets/Sandbox/terrain/Lightmap-36_comp_shadowmask.png
  artifactKey: Guid(9c51d389ccdfaf24782523fcff88e4c5) Importer(815301076,1909f56bfc062723c751e8b465ee728b)
Start importing Assets/Sandbox/terrain/Lightmap-36_comp_shadowmask.png using Guid(9c51d389ccdfaf24782523fcff88e4c5) Importer(815301076,1909f56bfc062723c751e8b465ee728b)  -> (artifact id: '56e1ebaabf04dd0b17159f326c035f38') in 0.012753 seconds 
Number of updated asset objects reloaded before import = 0
Number of asset objects unloaded after import = 2
========================================================================
Received Import Request.
  Time since last request: 0.000017 seconds.
  path: Assets/Sandbox/terrain/Lightmap-37_comp_light.exr
  artifactKey: Guid(e3d6f5534a91b1347852084ba59b3e8d) Importer(815301076,1909f56bfc062723c751e8b465ee728b)
Start importing Assets/Sandbox/terrain/Lightmap-37_comp_light.exr using Guid(e3d6f5534a91b1347852084ba59b3e8d) Importer(815301076,1909f56bfc062723c751e8b465ee728b)  -> (artifact id: '6f5be4fc8e43986de529ffd6de122690') in 0.004687 seconds 
Number of updated asset objects reloaded before import = 0
Number of asset objects unloaded after import = 2
========================================================================
Received Import Request.
  Time since last request: 0.002618 seconds.
  path: Assets/Sandbox/terrain/Lightmap-38_comp_dir.png
  artifactKey: Guid(57f661468332717429759744debb67da) Importer(815301076,1909f56bfc062723c751e8b465ee728b)
Start importing Assets/Sandbox/terrain/Lightmap-38_comp_dir.png using Guid(57f661468332717429759744debb67da) Importer(815301076,1909f56bfc062723c751e8b465ee728b)  -> (artifact id: 'cc51fa457ef9439cda73000e7e6bb252') in 0.013718 seconds 
Number of updated asset objects reloaded before import = 0
Number of asset objects unloaded after import = 2
========================================================================
Received Import Request.
  Time since last request: 0.004412 seconds.
  path: Assets/Sandbox/terrain/Lightmap-39_comp_dir.png
  artifactKey: Guid(9c28bdbc2f874004282a59c2eb95b7ba) Importer(815301076,1909f56bfc062723c751e8b465ee728b)
Start importing Assets/Sandbox/terrain/Lightmap-39_comp_dir.png using Guid(9c28bdbc2f874004282a59c2eb95b7ba) Importer(815301076,1909f56bfc062723c751e8b465ee728b)  -> (artifact id: 'c33f0da59537feaf01b160b68186ab0d') in 0.012789 seconds 
Number of updated asset objects reloaded before import = 0
Number of asset objects unloaded after import = 2
========================================================================
Received Import Request.
  Time since last request: 0.007045 seconds.
  path: Assets/Sandbox/terrain/Lightmap-40_comp_dir.png
  artifactKey: Guid(182ce50dc25e6ff40a5f1278cf313f80) Importer(815301076,1909f56bfc062723c751e8b465ee728b)
Start importing Assets/Sandbox/terrain/Lightmap-40_comp_dir.png using Guid(182ce50dc25e6ff40a5f1278cf313f80) Importer(815301076,1909f56bfc062723c751e8b465ee728b)  -> (artifact id: '0a1b9239cf6eb997e5ca1141cf0bbee8') in 0.013758 seconds 
Number of updated asset objects reloaded before import = 0
Number of asset objects unloaded after import = 2
========================================================================
Received Import Request.
  Time since last request: 0.000016 seconds.
  path: Assets/Sandbox/terrain/Lightmap-40_comp_shadowmask.png
  artifactKey: Guid(f8d0eaf2f8fe4a34c88bf46fcf73ef4c) Importer(815301076,1909f56bfc062723c751e8b465ee728b)
Start importing Assets/Sandbox/terrain/Lightmap-40_comp_shadowmask.png using Guid(f8d0eaf2f8fe4a34c88bf46fcf73ef4c) Importer(815301076,1909f56bfc062723c751e8b465ee728b)  -> (artifact id: '38acaf5419d8509d9e992062890a24e6') in 0.014340 seconds 
Number of updated asset objects reloaded before import = 0
Number of asset objects unloaded after import = 2
========================================================================
Received Import Request.
  Time since last request: 0.000014 seconds.
  path: Assets/Sandbox/terrain/Lightmap-41_comp_light.exr
  artifactKey: Guid(d59c95d42b0740e4cb01ca451e7c2738) Importer(815301076,1909f56bfc062723c751e8b465ee728b)
Start importing Assets/Sandbox/terrain/Lightmap-41_comp_light.exr using Guid(d59c95d42b0740e4cb01ca451e7c2738) Importer(815301076,1909f56bfc062723c751e8b465ee728b)  -> (artifact id: '80b5fa242d93131397a392a6cb7c15f5') in 0.015352 seconds 
Number of updated asset objects reloaded before import = 0
Number of asset objects unloaded after import = 2
========================================================================
Received Import Request.
  Time since last request: 0.007859 seconds.
  path: Assets/Sandbox/terrain/Lightmap-42_comp_dir.png
  artifactKey: Guid(0cae386d975334648b88ea3cfdb4b948) Importer(815301076,1909f56bfc062723c751e8b465ee728b)
Start importing Assets/Sandbox/terrain/Lightmap-42_comp_dir.png using Guid(0cae386d975334648b88ea3cfdb4b948) Importer(815301076,1909f56bfc062723c751e8b465ee728b)  -> (artifact id: 'f5ccbd3fc1bdb6239cec3192dc20f8fe') in 0.012328 seconds 
Number of updated asset objects reloaded before import = 0
Number of asset objects unloaded after import = 2
========================================================================
Received Import Request.
  Time since last request: 0.004485 seconds.
  path: Assets/Sandbox/terrain/Lightmap-43_comp_dir.png
  artifactKey: Guid(0428b17fed3acac4181e416a89e6598f) Importer(815301076,1909f56bfc062723c751e8b465ee728b)
Start importing Assets/Sandbox/terrain/Lightmap-43_comp_dir.png using Guid(0428b17fed3acac4181e416a89e6598f) Importer(815301076,1909f56bfc062723c751e8b465ee728b)  -> (artifact id: 'd4988e105d6813b236224e92e84bc470') in 0.012562 seconds 
Number of updated asset objects reloaded before import = 0
Number of asset objects unloaded after import = 2
========================================================================
Received Import Request.
  Time since last request: 0.005957 seconds.
  path: Assets/Sandbox/terrain/Lightmap-44_comp_dir.png
  artifactKey: Guid(35359f7c2eed8d349af772d37aee82cb) Importer(815301076,1909f56bfc062723c751e8b465ee728b)
Start importing Assets/Sandbox/terrain/Lightmap-44_comp_dir.png using Guid(35359f7c2eed8d349af772d37aee82cb) Importer(815301076,1909f56bfc062723c751e8b465ee728b)  -> (artifact id: '84d0c7e315835efc46c89556ec2074fd') in 0.011626 seconds 
Number of updated asset objects reloaded before import = 0
Number of asset objects unloaded after import = 2
========================================================================
Received Import Request.
  Time since last request: 0.000430 seconds.
  path: Assets/Sandbox/terrain/Lightmap-44_comp_shadowmask.png
  artifactKey: Guid(f61041f685c401741b988f24e5527fe5) Importer(815301076,1909f56bfc062723c751e8b465ee728b)
Start importing Assets/Sandbox/terrain/Lightmap-44_comp_shadowmask.png using Guid(f61041f685c401741b988f24e5527fe5) Importer(815301076,1909f56bfc062723c751e8b465ee728b)  -> (artifact id: 'bf054bb9fc351ff42c597f818a7f5a41') in 0.006249 seconds 
Number of updated asset objects reloaded before import = 0
Number of asset objects unloaded after import = 2
========================================================================
Received Import Request.
  Time since last request: 0.005904 seconds.
  path: Assets/Sandbox/terrain/Lightmap-45_comp_light.exr
  artifactKey: Guid(de77f80d006b7ca4fb67e8357b829892) Importer(815301076,1909f56bfc062723c751e8b465ee728b)
Start importing Assets/Sandbox/terrain/Lightmap-45_comp_light.exr using Guid(de77f80d006b7ca4fb67e8357b829892) Importer(815301076,1909f56bfc062723c751e8b465ee728b)  -> (artifact id: '3fd3689ab6d0607c37491d2ac039a477') in 0.004786 seconds 
Number of updated asset objects reloaded before import = 0
Number of asset objects unloaded after import = 2
========================================================================
Received Import Request.
  Time since last request: 0.000015 seconds.
  path: Assets/Sandbox/terrain/Lightmap-45_comp_shadowmask.png
  artifactKey: Guid(1d713e6c6f8fa7b419ca8685564fdc59) Importer(815301076,1909f56bfc062723c751e8b465ee728b)
Start importing Assets/Sandbox/terrain/Lightmap-45_comp_shadowmask.png using Guid(1d713e6c6f8fa7b419ca8685564fdc59) Importer(815301076,1909f56bfc062723c751e8b465ee728b)  -> (artifact id: '34fc0333ea26bf89b1d1eb10737f72cc') in 0.005812 seconds 
Number of updated asset objects reloaded before import = 0
Number of asset objects unloaded after import = 2
========================================================================
Received Import Request.
  Time since last request: 0.000474 seconds.
  path: Assets/Sandbox/terrain/Lightmap-46_comp_dir.png
  artifactKey: Guid(7f32b774730412f41a45551bc1c909ff) Importer(815301076,1909f56bfc062723c751e8b465ee728b)
Start importing Assets/Sandbox/terrain/Lightmap-46_comp_dir.png using Guid(7f32b774730412f41a45551bc1c909ff) Importer(815301076,1909f56bfc062723c751e8b465ee728b)  -> (artifact id: '180de70064a47a4e399c3e4fd8573a9d') in 0.012338 seconds 
Number of updated asset objects reloaded before import = 0
Number of asset objects unloaded after import = 2
========================================================================
Received Import Request.
  Time since last request: 0.006181 seconds.
  path: Assets/Sandbox/terrain/Lightmap-47_comp_dir.png
  artifactKey: Guid(372c4218a3f6a394cbcb0a9ba8167681) Importer(815301076,1909f56bfc062723c751e8b465ee728b)
Start importing Assets/Sandbox/terrain/Lightmap-47_comp_dir.png using Guid(372c4218a3f6a394cbcb0a9ba8167681) Importer(815301076,1909f56bfc062723c751e8b465ee728b)  -> (artifact id: '1cb176982c044a0732610389fc51ba38') in 0.013694 seconds 
Number of updated asset objects reloaded before import = 0
Number of asset objects unloaded after import = 2
========================================================================
Received Import Request.
  Time since last request: 2.186755 seconds.
  path: Assets/Sandbox/terrain/Lightmap-48_comp_dir.png
  artifactKey: Guid(d0609768d78b50d49a3f646370ac8686) Importer(815301076,1909f56bfc062723c751e8b465ee728b)
Start importing Assets/Sandbox/terrain/Lightmap-48_comp_dir.png using Guid(d0609768d78b50d49a3f646370ac8686) Importer(815301076,1909f56bfc062723c751e8b465ee728b)  -> (artifact id: 'be7dfdc288671e7635a9c463670ed9dd') in 0.014311 seconds 
Number of updated asset objects reloaded before import = 0
Number of asset objects unloaded after import = 2
========================================================================
Received Import Request.
  Time since last request: 0.008787 seconds.
  path: Assets/Sandbox/terrain/Lightmap-49_comp_dir.png
  artifactKey: Guid(679266b479f4fba41925de24a0073a27) Importer(815301076,1909f56bfc062723c751e8b465ee728b)
Start importing Assets/Sandbox/terrain/Lightmap-49_comp_dir.png using Guid(679266b479f4fba41925de24a0073a27) Importer(815301076,1909f56bfc062723c751e8b465ee728b)  -> (artifact id: '680900317ac00fc135ea1906e21e3c40') in 0.015463 seconds 
Number of updated asset objects reloaded before import = 0
Number of asset objects unloaded after import = 2
========================================================================
Received Import Request.
  Time since last request: 0.006682 seconds.
  path: Assets/Sandbox/terrain/Lightmap-50_comp_dir.png
  artifactKey: Guid(f9daf666cb3bcaf449d2c653b6f054ac) Importer(815301076,1909f56bfc062723c751e8b465ee728b)
Start importing Assets/Sandbox/terrain/Lightmap-50_comp_dir.png using Guid(f9daf666cb3bcaf449d2c653b6f054ac) Importer(815301076,1909f56bfc062723c751e8b465ee728b)  -> (artifact id: '16c793047d01cb95ce8fe4593aa95458') in 0.015646 seconds 
Number of updated asset objects reloaded before import = 0
Number of asset objects unloaded after import = 2
========================================================================
Received Import Request.
  Time since last request: 0.005701 seconds.
  path: Assets/Sandbox/terrain/Lightmap-51_comp_dir.png
  artifactKey: Guid(3007b4f6854c3e14c90a62744b410eeb) Importer(815301076,1909f56bfc062723c751e8b465ee728b)
Start importing Assets/Sandbox/terrain/Lightmap-51_comp_dir.png using Guid(3007b4f6854c3e14c90a62744b410eeb) Importer(815301076,1909f56bfc062723c751e8b465ee728b)  -> (artifact id: 'fb9348c8079ba8d3cada464b90b570ad') in 0.018582 seconds 
Number of updated asset objects reloaded before import = 0
Number of asset objects unloaded after import = 2
========================================================================
Received Import Request.
  Time since last request: 0.007469 seconds.
  path: Assets/Sandbox/terrain/Lightmap-52_comp_dir.png
  artifactKey: Guid(3f27240d7fd152046bbe2e2b1a865123) Importer(815301076,1909f56bfc062723c751e8b465ee728b)
Start importing Assets/Sandbox/terrain/Lightmap-52_comp_dir.png using Guid(3f27240d7fd152046bbe2e2b1a865123) Importer(815301076,1909f56bfc062723c751e8b465ee728b)  -> (artifact id: '77f664978aeb9e36b56f42da080ae9a3') in 0.016743 seconds 
Number of updated asset objects reloaded before import = 0
Number of asset objects unloaded after import = 2
========================================================================
Received Import Request.
  Time since last request: 0.007361 seconds.
  path: Assets/Sandbox/terrain/Lightmap-53_comp_dir.png
  artifactKey: Guid(9831002d3f5b9b443affcaebf8cc80d3) Importer(815301076,1909f56bfc062723c751e8b465ee728b)
Start importing Assets/Sandbox/terrain/Lightmap-53_comp_dir.png using Guid(9831002d3f5b9b443affcaebf8cc80d3) Importer(815301076,1909f56bfc062723c751e8b465ee728b)  -> (artifact id: '2f6e3869141a07cfd0f3036b7db07586') in 0.015571 seconds 
Number of updated asset objects reloaded before import = 0
Number of asset objects unloaded after import = 2
========================================================================
Received Import Request.
  Time since last request: 0.019266 seconds.
  path: Assets/Sandbox/terrain/Lightmap-54_comp_dir.png
  artifactKey: Guid(a9495e3746960f34f83ae8a8a8ba16d8) Importer(815301076,1909f56bfc062723c751e8b465ee728b)
Start importing Assets/Sandbox/terrain/Lightmap-54_comp_dir.png using Guid(a9495e3746960f34f83ae8a8a8ba16d8) Importer(815301076,1909f56bfc062723c751e8b465ee728b)  -> (artifact id: 'f0d0c76d99be75432436236d90515d0b') in 0.013251 seconds 
Number of updated asset objects reloaded before import = 0
Number of asset objects unloaded after import = 2
========================================================================
Received Import Request.
  Time since last request: 0.005565 seconds.
  path: Assets/Sandbox/terrain/Lightmap-55_comp_dir.png
  artifactKey: Guid(44e0e0a11a8fc2d459cbbf6095a89da4) Importer(815301076,1909f56bfc062723c751e8b465ee728b)
Start importing Assets/Sandbox/terrain/Lightmap-55_comp_dir.png using Guid(44e0e0a11a8fc2d459cbbf6095a89da4) Importer(815301076,1909f56bfc062723c751e8b465ee728b)  -> (artifact id: 'bf0aa2313e7482d17db328cf1bf3b7a7') in 0.012619 seconds 
Number of updated asset objects reloaded before import = 0
Number of asset objects unloaded after import = 2
========================================================================
Received Import Request.
  Time since last request: 0.007280 seconds.
  path: Assets/Sandbox/terrain/Lightmap-56_comp_dir.png
  artifactKey: Guid(1e063e6a5e080224eacf7e5db7d2643e) Importer(815301076,1909f56bfc062723c751e8b465ee728b)
Start importing Assets/Sandbox/terrain/Lightmap-56_comp_dir.png using Guid(1e063e6a5e080224eacf7e5db7d2643e) Importer(815301076,1909f56bfc062723c751e8b465ee728b)  -> (artifact id: '14fc677ff341f360a4782a37378f5cb7') in 0.013277 seconds 
Number of updated asset objects reloaded before import = 0
Number of asset objects unloaded after import = 2
========================================================================
Received Import Request.
  Time since last request: 0.003915 seconds.
  path: Assets/Sandbox/terrain/Lightmap-57_comp_dir.png
  artifactKey: Guid(06df0e87b3572c34ab872838bc7294e9) Importer(815301076,1909f56bfc062723c751e8b465ee728b)
Start importing Assets/Sandbox/terrain/Lightmap-57_comp_dir.png using Guid(06df0e87b3572c34ab872838bc7294e9) Importer(815301076,1909f56bfc062723c751e8b465ee728b)  -> (artifact id: 'beccd9a575ee6a386ee507a1cb3a5cb1') in 0.012091 seconds 
Number of updated asset objects reloaded before import = 0
Number of asset objects unloaded after import = 2
========================================================================
Received Import Request.
  Time since last request: 0.007878 seconds.
  path: Assets/Sandbox/terrain/Lightmap-58_comp_dir.png
  artifactKey: Guid(c785df589108b514b9710f47454feb31) Importer(815301076,1909f56bfc062723c751e8b465ee728b)
Start importing Assets/Sandbox/terrain/Lightmap-58_comp_dir.png using Guid(c785df589108b514b9710f47454feb31) Importer(815301076,1909f56bfc062723c751e8b465ee728b)  -> (artifact id: '2e355127b3692b59497bb0e51ee97546') in 0.012033 seconds 
Number of updated asset objects reloaded before import = 0
Number of asset objects unloaded after import = 2
========================================================================
Received Import Request.
  Time since last request: 0.007455 seconds.
  path: Assets/Sandbox/terrain/Lightmap-59_comp_dir.png
  artifactKey: Guid(0e6b62786d77d19488a6324359f013d1) Importer(815301076,1909f56bfc062723c751e8b465ee728b)
Start importing Assets/Sandbox/terrain/Lightmap-59_comp_dir.png using Guid(0e6b62786d77d19488a6324359f013d1) Importer(815301076,1909f56bfc062723c751e8b465ee728b)  -> (artifact id: '52a4af56f2387ff662d9883e794be467') in 0.013336 seconds 
Number of updated asset objects reloaded before import = 0
Number of asset objects unloaded after import = 2
========================================================================
Received Import Request.
  Time since last request: 0.730122 seconds.
  path: Assets/Sandbox/terrain/Lightmap-60_comp_dir.png
  artifactKey: Guid(20edcfeacd7b0ca46b77b6d0f3e12481) Importer(815301076,1909f56bfc062723c751e8b465ee728b)
Start importing Assets/Sandbox/terrain/Lightmap-60_comp_dir.png using Guid(20edcfeacd7b0ca46b77b6d0f3e12481) Importer(815301076,1909f56bfc062723c751e8b465ee728b)  -> (artifact id: '5eb3c503f700a08687548d69101b1f6c') in 0.012835 seconds 
Number of updated asset objects reloaded before import = 0
Number of asset objects unloaded after import = 2
========================================================================
Received Import Request.
  Time since last request: 0.002939 seconds.
  path: Assets/Sandbox/terrain/Lightmap-61_comp_dir.png
  artifactKey: Guid(faf18506905d1aa4db9c7e85930a4799) Importer(815301076,1909f56bfc062723c751e8b465ee728b)
Start importing Assets/Sandbox/terrain/Lightmap-61_comp_dir.png using Guid(faf18506905d1aa4db9c7e85930a4799) Importer(815301076,1909f56bfc062723c751e8b465ee728b)  -> (artifact id: 'e46679393dda7cb0eda2794ea8a5f8a3') in 0.013834 seconds 
Number of updated asset objects reloaded before import = 0
Number of asset objects unloaded after import = 2
========================================================================
Received Import Request.
  Time since last request: 0.006174 seconds.
  path: Assets/Sandbox/terrain/Lightmap-62_comp_dir.png
  artifactKey: Guid(cbd2e0bb8b00bc647a836381f1d19a3d) Importer(815301076,1909f56bfc062723c751e8b465ee728b)
Start importing Assets/Sandbox/terrain/Lightmap-62_comp_dir.png using Guid(cbd2e0bb8b00bc647a836381f1d19a3d) Importer(815301076,1909f56bfc062723c751e8b465ee728b)  -> (artifact id: 'f964a40d2f5d851e8eacd6c01b0e628d') in 0.011608 seconds 
Number of updated asset objects reloaded before import = 0
Number of asset objects unloaded after import = 2
========================================================================
Received Import Request.
  Time since last request: 0.000486 seconds.
  path: Assets/Sandbox/terrain/Lightmap-62_comp_shadowmask.png
  artifactKey: Guid(272e6c3899ff4c74c86cca611085cdfd) Importer(815301076,1909f56bfc062723c751e8b465ee728b)
Start importing Assets/Sandbox/terrain/Lightmap-62_comp_shadowmask.png using Guid(272e6c3899ff4c74c86cca611085cdfd) Importer(815301076,1909f56bfc062723c751e8b465ee728b)  -> (artifact id: '06fec2b2330f59179b8f8410989b5607') in 0.005945 seconds 
Number of updated asset objects reloaded before import = 0
Number of asset objects unloaded after import = 2
========================================================================
Received Import Request.
  Time since last request: 0.005288 seconds.
  path: Assets/Sandbox/terrain/Lightmap-63_comp_light.exr
  artifactKey: Guid(50b1a661116e0264a86cce7511440eaa) Importer(815301076,1909f56bfc062723c751e8b465ee728b)
Start importing Assets/Sandbox/terrain/Lightmap-63_comp_light.exr using Guid(50b1a661116e0264a86cce7511440eaa) Importer(815301076,1909f56bfc062723c751e8b465ee728b)  -> (artifact id: '481544dc931bde35486537d3a99175fb') in 0.004856 seconds 
Number of updated asset objects reloaded before import = 0
Number of asset objects unloaded after import = 2
========================================================================
Received Import Request.
  Time since last request: 0.000288 seconds.
  path: Assets/Sandbox/terrain/Lightmap-63_comp_shadowmask.png
  artifactKey: Guid(325fef7b5878c4042b62e84210b10bb0) Importer(815301076,1909f56bfc062723c751e8b465ee728b)
Start importing Assets/Sandbox/terrain/Lightmap-63_comp_shadowmask.png using Guid(325fef7b5878c4042b62e84210b10bb0) Importer(815301076,1909f56bfc062723c751e8b465ee728b)  -> (artifact id: '6b7cd3dc255a08465fe22de4e42a9c7d') in 0.006093 seconds 
Number of updated asset objects reloaded before import = 0
Number of asset objects unloaded after import = 2
========================================================================
Received Import Request.
  Time since last request: 0.006279 seconds.
  path: Assets/Sandbox/terrain/Lightmap-64_comp_light.exr
  artifactKey: Guid(766eaae4dc5260d4c80ba4608c11b565) Importer(815301076,1909f56bfc062723c751e8b465ee728b)
Start importing Assets/Sandbox/terrain/Lightmap-64_comp_light.exr using Guid(766eaae4dc5260d4c80ba4608c11b565) Importer(815301076,1909f56bfc062723c751e8b465ee728b)  -> (artifact id: '40964e45f45d45421a610cd81c7908b3') in 0.004375 seconds 
Number of updated asset objects reloaded before import = 0
Number of asset objects unloaded after import = 2
========================================================================
Received Import Request.
  Time since last request: 0.000165 seconds.
  path: Assets/Sandbox/terrain/Lightmap-64_comp_shadowmask.png
  artifactKey: Guid(aa5c5c5b5ab19ba4da6b0c9425f0600f) Importer(815301076,1909f56bfc062723c751e8b465ee728b)
Start importing Assets/Sandbox/terrain/Lightmap-64_comp_shadowmask.png using Guid(aa5c5c5b5ab19ba4da6b0c9425f0600f) Importer(815301076,1909f56bfc062723c751e8b465ee728b)  -> (artifact id: '661df4ae9ccd7d444f71050b98d26942') in 0.006174 seconds 
Number of updated asset objects reloaded before import = 0
Number of asset objects unloaded after import = 2
========================================================================
Received Import Request.
  Time since last request: 0.005733 seconds.
  path: Assets/Sandbox/terrain/Lightmap-65_comp_light.exr
  artifactKey: Guid(fb04f9e153c4dcd4b93c0faa2d579c63) Importer(815301076,1909f56bfc062723c751e8b465ee728b)
Start importing Assets/Sandbox/terrain/Lightmap-65_comp_light.exr using Guid(fb04f9e153c4dcd4b93c0faa2d579c63) Importer(815301076,1909f56bfc062723c751e8b465ee728b)  -> (artifact id: '677a52c0aa5808913451f53760b16c37') in 0.012591 seconds 
Number of updated asset objects reloaded before import = 0
Number of asset objects unloaded after import = 2
========================================================================
Received Import Request.
  Time since last request: 0.012062 seconds.
  path: Assets/Sandbox/terrain/Lightmap-66_comp_dir.png
  artifactKey: Guid(9b850ecaa6982764f8ba64ca4467575b) Importer(815301076,1909f56bfc062723c751e8b465ee728b)
Start importing Assets/Sandbox/terrain/Lightmap-66_comp_dir.png using Guid(9b850ecaa6982764f8ba64ca4467575b) Importer(815301076,1909f56bfc062723c751e8b465ee728b)  -> (artifact id: 'c46481ebfbcb3260239cf23bf9c6decb') in 0.012128 seconds 
Number of updated asset objects reloaded before import = 0
Number of asset objects unloaded after import = 2
========================================================================
Received Import Request.
  Time since last request: 0.003859 seconds.
  path: Assets/Sandbox/terrain/Lightmap-67_comp_dir.png
  artifactKey: Guid(345bf67208b8c1147a1346d102d79cc4) Importer(815301076,1909f56bfc062723c751e8b465ee728b)
Start importing Assets/Sandbox/terrain/Lightmap-67_comp_dir.png using Guid(345bf67208b8c1147a1346d102d79cc4) Importer(815301076,1909f56bfc062723c751e8b465ee728b)  -> (artifact id: 'd2f643b1613f3a5ae22de9f7f2808667') in 0.011348 seconds 
Number of updated asset objects reloaded before import = 0
Number of asset objects unloaded after import = 2
========================================================================
Received Import Request.
  Time since last request: 0.005106 seconds.
  path: Assets/Sandbox/terrain/Lightmap-68_comp_dir.png
  artifactKey: Guid(26a824efb665d3746ae5cc0a2e56389c) Importer(815301076,1909f56bfc062723c751e8b465ee728b)
Start importing Assets/Sandbox/terrain/Lightmap-68_comp_dir.png using Guid(26a824efb665d3746ae5cc0a2e56389c) Importer(815301076,1909f56bfc062723c751e8b465ee728b)  -> (artifact id: 'a7dd3184cd3ad5c15c499d28b042b642') in 0.012084 seconds 
Number of updated asset objects reloaded before import = 0
Number of asset objects unloaded after import = 2
========================================================================
Received Import Request.
  Time since last request: 0.006290 seconds.
  path: Assets/Sandbox/terrain/Lightmap-69_comp_dir.png
  artifactKey: Guid(2c0924d534740404b8fa7ee3c8ab63b2) Importer(815301076,1909f56bfc062723c751e8b465ee728b)
Start importing Assets/Sandbox/terrain/Lightmap-69_comp_dir.png using Guid(2c0924d534740404b8fa7ee3c8ab63b2) Importer(815301076,1909f56bfc062723c751e8b465ee728b)  -> (artifact id: '5a37178a962337535ece4a3124b9c061') in 0.012004 seconds 
Number of updated asset objects reloaded before import = 0
Number of asset objects unloaded after import = 2
========================================================================
Received Import Request.
  Time since last request: 0.007118 seconds.
  path: Assets/Sandbox/terrain/Lightmap-70_comp_dir.png
  artifactKey: Guid(aca0d7be82a88b646bade4200fbb416b) Importer(815301076,1909f56bfc062723c751e8b465ee728b)
Start importing Assets/Sandbox/terrain/Lightmap-70_comp_dir.png using Guid(aca0d7be82a88b646bade4200fbb416b) Importer(815301076,1909f56bfc062723c751e8b465ee728b)  -> (artifact id: 'caea8af1d20fe815bfd569082b14a06a') in 0.012206 seconds 
Number of updated asset objects reloaded before import = 0
Number of asset objects unloaded after import = 2
========================================================================
Received Import Request.
  Time since last request: 0.005135 seconds.
  path: Assets/Sandbox/terrain/Lightmap-71_comp_dir.png
  artifactKey: Guid(7d2b87d36a177654bb6bfee8a3570522) Importer(815301076,1909f56bfc062723c751e8b465ee728b)
Start importing Assets/Sandbox/terrain/Lightmap-71_comp_dir.png using Guid(7d2b87d36a177654bb6bfee8a3570522) Importer(815301076,1909f56bfc062723c751e8b465ee728b)  -> (artifact id: 'cec6c20686bfc6b2b8ebbc3a0ea64261') in 0.011987 seconds 
Number of updated asset objects reloaded before import = 0
Number of asset objects unloaded after import = 2
========================================================================
Received Import Request.
  Time since last request: 0.000785 seconds.
  path: Assets/Sandbox/terrain/Lightmap-71_comp_shadowmask.png
  artifactKey: Guid(f5d92b4f98caec840932e9625b92c000) Importer(815301076,1909f56bfc062723c751e8b465ee728b)
Start importing Assets/Sandbox/terrain/Lightmap-71_comp_shadowmask.png using Guid(f5d92b4f98caec840932e9625b92c000) Importer(815301076,1909f56bfc062723c751e8b465ee728b)  -> (artifact id: 'e9910ba1d5cd00152542e7c8d4e91186') in 0.006924 seconds 
Number of updated asset objects reloaded before import = 0
Number of asset objects unloaded after import = 2
========================================================================
Received Import Request.
  Time since last request: 0.005477 seconds.
  path: Assets/Sandbox/terrain/Lightmap-72_comp_light.exr
  artifactKey: Guid(46a55abff88fd104f92507956fbd11b1) Importer(815301076,1909f56bfc062723c751e8b465ee728b)
Start importing Assets/Sandbox/terrain/Lightmap-72_comp_light.exr using Guid(46a55abff88fd104f92507956fbd11b1) Importer(815301076,1909f56bfc062723c751e8b465ee728b)  -> (artifact id: '124689fdb7f8ed0980d30bec95b3c618') in 0.004614 seconds 
Number of updated asset objects reloaded before import = 0
Number of asset objects unloaded after import = 2
========================================================================
Received Import Request.
  Time since last request: 0.007412 seconds.
  path: Assets/Sandbox/terrain/Lightmap-73_comp_dir.png
  artifactKey: Guid(bfcbb57c9aade0541bcd67bf8c8b549a) Importer(815301076,1909f56bfc062723c751e8b465ee728b)
Start importing Assets/Sandbox/terrain/Lightmap-73_comp_dir.png using Guid(bfcbb57c9aade0541bcd67bf8c8b549a) Importer(815301076,1909f56bfc062723c751e8b465ee728b)  -> (artifact id: '44dcff169f4a9ba79a6fd92f02ad0da6') in 0.012401 seconds 
Number of updated asset objects reloaded before import = 0
Number of asset objects unloaded after import = 2
========================================================================
Received Import Request.
  Time since last request: 0.005114 seconds.
  path: Assets/Sandbox/terrain/Lightmap-74_comp_dir.png
  artifactKey: Guid(d99a850a47829de4a848f8f2c8c2317c) Importer(815301076,1909f56bfc062723c751e8b465ee728b)
Start importing Assets/Sandbox/terrain/Lightmap-74_comp_dir.png using Guid(d99a850a47829de4a848f8f2c8c2317c) Importer(815301076,1909f56bfc062723c751e8b465ee728b)  -> (artifact id: '403a4e1661a6972ee1a8fc5924298acc') in 0.012627 seconds 
Number of updated asset objects reloaded before import = 0
Number of asset objects unloaded after import = 2
========================================================================
Received Import Request.
  Time since last request: 0.005781 seconds.
  path: Assets/Sandbox/terrain/Lightmap-75_comp_dir.png
  artifactKey: Guid(5982e4954ba813247a4363766b956810) Importer(815301076,1909f56bfc062723c751e8b465ee728b)
Start importing Assets/Sandbox/terrain/Lightmap-75_comp_dir.png using Guid(5982e4954ba813247a4363766b956810) Importer(815301076,1909f56bfc062723c751e8b465ee728b)  -> (artifact id: 'f11623b2be4999bb76c57d757d2d3226') in 0.014045 seconds 
Number of updated asset objects reloaded before import = 0
Number of asset objects unloaded after import = 2
========================================================================
Received Import Request.
  Time since last request: 0.005190 seconds.
  path: Assets/Sandbox/terrain/Lightmap-76_comp_dir.png
  artifactKey: Guid(16f4d405150054a46bcf1a2a95af54c6) Importer(815301076,1909f56bfc062723c751e8b465ee728b)
Start importing Assets/Sandbox/terrain/Lightmap-76_comp_dir.png using Guid(16f4d405150054a46bcf1a2a95af54c6) Importer(815301076,1909f56bfc062723c751e8b465ee728b)  -> (artifact id: 'e4d409e727f743e461a63c6129cbbeb2') in 0.012302 seconds 
Number of updated asset objects reloaded before import = 0
Number of asset objects unloaded after import = 2
========================================================================
Received Import Request.
  Time since last request: 0.005625 seconds.
  path: Assets/Sandbox/terrain/Lightmap-77_comp_dir.png
  artifactKey: Guid(6fbb9cf43c24ccc40a967a6cf1872576) Importer(815301076,1909f56bfc062723c751e8b465ee728b)
Start importing Assets/Sandbox/terrain/Lightmap-77_comp_dir.png using Guid(6fbb9cf43c24ccc40a967a6cf1872576) Importer(815301076,1909f56bfc062723c751e8b465ee728b)  -> (artifact id: '5f7e04ebe187e9cfb1de5058c9cb44a5') in 0.011879 seconds 
Number of updated asset objects reloaded before import = 0
Number of asset objects unloaded after import = 2
========================================================================
Received Import Request.
  Time since last request: 0.000687 seconds.
  path: Assets/Sandbox/terrain/Lightmap-77_comp_shadowmask.png
  artifactKey: Guid(7fe861fd6906f324c94ec5e0dc2958dd) Importer(815301076,1909f56bfc062723c751e8b465ee728b)
Start importing Assets/Sandbox/terrain/Lightmap-77_comp_shadowmask.png using Guid(7fe861fd6906f324c94ec5e0dc2958dd) Importer(815301076,1909f56bfc062723c751e8b465ee728b)  -> (artifact id: 'c54e024b3d2246ef81c6782db12cdf19') in 0.006510 seconds 
Number of updated asset objects reloaded before import = 0
Number of asset objects unloaded after import = 2
========================================================================
Received Import Request.
  Time since last request: 0.004979 seconds.
  path: Assets/Sandbox/terrain/Lightmap-78_comp_light.exr
  artifactKey: Guid(9ad010b545dddc942bf38783ead9bb84) Importer(815301076,1909f56bfc062723c751e8b465ee728b)
Start importing Assets/Sandbox/terrain/Lightmap-78_comp_light.exr using Guid(9ad010b545dddc942bf38783ead9bb84) Importer(815301076,1909f56bfc062723c751e8b465ee728b)  -> (artifact id: '58a00bf84091e3a7b4581d8fd4a1f119') in 0.004464 seconds 
Number of updated asset objects reloaded before import = 0
Number of asset objects unloaded after import = 2
========================================================================
Received Import Request.
  Time since last request: 0.000380 seconds.
  path: Assets/Sandbox/terrain/Lightmap-78_comp_shadowmask.png
  artifactKey: Guid(bf7ba5ea9cc4de04cb0b54d2cc87c33b) Importer(815301076,1909f56bfc062723c751e8b465ee728b)
Start importing Assets/Sandbox/terrain/Lightmap-78_comp_shadowmask.png using Guid(bf7ba5ea9cc4de04cb0b54d2cc87c33b) Importer(815301076,1909f56bfc062723c751e8b465ee728b)  -> (artifact id: 'f6b9443cff5a7378146fc2b9e539ccab') in 0.006187 seconds 
Number of updated asset objects reloaded before import = 0
Number of asset objects unloaded after import = 2
========================================================================
Received Import Request.
  Time since last request: 0.005508 seconds.
  path: Assets/Sandbox/terrain/Lightmap-79_comp_light.exr
  artifactKey: Guid(993b730c7e1f1544d87a1b5a59572ffd) Importer(815301076,1909f56bfc062723c751e8b465ee728b)
Start importing Assets/Sandbox/terrain/Lightmap-79_comp_light.exr using Guid(993b730c7e1f1544d87a1b5a59572ffd) Importer(815301076,1909f56bfc062723c751e8b465ee728b)  -> (artifact id: 'eeeab2a3ad243ea4779e4f7aa989a2dd') in 0.004712 seconds 
Number of updated asset objects reloaded before import = 0
Number of asset objects unloaded after import = 2
========================================================================
Received Import Request.
  Time since last request: 0.007189 seconds.
  path: Assets/Sandbox/terrain/Lightmap-80_comp_dir.png
  artifactKey: Guid(1a8adc3e51d74474abfd77eed777a125) Importer(815301076,1909f56bfc062723c751e8b465ee728b)
Start importing Assets/Sandbox/terrain/Lightmap-80_comp_dir.png using Guid(1a8adc3e51d74474abfd77eed777a125) Importer(815301076,1909f56bfc062723c751e8b465ee728b)  -> (artifact id: 'e5ca4c9417952c9f6b49dfcd4297a6c4') in 0.012009 seconds 
Number of updated asset objects reloaded before import = 0
Number of asset objects unloaded after import = 2
========================================================================
Received Import Request.
  Time since last request: 0.005402 seconds.
  path: Assets/Sandbox/terrain/Lightmap-81_comp_dir.png
  artifactKey: Guid(3d42c7c1991f08d408f0f432389fa87f) Importer(815301076,1909f56bfc062723c751e8b465ee728b)
Start importing Assets/Sandbox/terrain/Lightmap-81_comp_dir.png using Guid(3d42c7c1991f08d408f0f432389fa87f) Importer(815301076,1909f56bfc062723c751e8b465ee728b)  -> (artifact id: '1777b62b2a635020a519d59266eaf5f1') in 0.011895 seconds 
Number of updated asset objects reloaded before import = 0
Number of asset objects unloaded after import = 2
========================================================================
Received Import Request.
  Time since last request: 0.005953 seconds.
  path: Assets/Sandbox/terrain/Lightmap-82_comp_dir.png
  artifactKey: Guid(66fc3c46854c5cf438b89ac6319cccff) Importer(815301076,1909f56bfc062723c751e8b465ee728b)
Start importing Assets/Sandbox/terrain/Lightmap-82_comp_dir.png using Guid(66fc3c46854c5cf438b89ac6319cccff) Importer(815301076,1909f56bfc062723c751e8b465ee728b)  -> (artifact id: 'b899f5b2776149ee6a8a4eaf12bdcb97') in 0.011774 seconds 
Number of updated asset objects reloaded before import = 0
Number of asset objects unloaded after import = 2
========================================================================
Received Import Request.
  Time since last request: 0.004225 seconds.
  path: Assets/Sandbox/terrain/Lightmap-83_comp_dir.png
  artifactKey: Guid(eec4101d7ff809b4ba56e050a34f1ae4) Importer(815301076,1909f56bfc062723c751e8b465ee728b)
Start importing Assets/Sandbox/terrain/Lightmap-83_comp_dir.png using Guid(eec4101d7ff809b4ba56e050a34f1ae4) Importer(815301076,1909f56bfc062723c751e8b465ee728b)  -> (artifact id: 'a735af4f77f4b66ce0306718924d4c7b') in 0.011598 seconds 
Number of updated asset objects reloaded before import = 0
Number of asset objects unloaded after import = 2
========================================================================
Received Import Request.
  Time since last request: 0.000639 seconds.
  path: Assets/Sandbox/terrain/Lightmap-83_comp_shadowmask.png
  artifactKey: Guid(7734c3fe2d900bf4f9bf1cf9b3d677e6) Importer(815301076,1909f56bfc062723c751e8b465ee728b)
Start importing Assets/Sandbox/terrain/Lightmap-83_comp_shadowmask.png using Guid(7734c3fe2d900bf4f9bf1cf9b3d677e6) Importer(815301076,1909f56bfc062723c751e8b465ee728b)  -> (artifact id: 'cafcc9224b057b2f984e5c97dadd1d66') in 0.013554 seconds 
Number of updated asset objects reloaded before import = 0
Number of asset objects unloaded after import = 2
========================================================================
Received Import Request.
  Time since last request: 0.006169 seconds.
  path: Assets/Sandbox/terrain/Lightmap-84_comp_dir.png
  artifactKey: Guid(a2fa4e738df0bdf4b861df0881e8a5a5) Importer(815301076,1909f56bfc062723c751e8b465ee728b)
Start importing Assets/Sandbox/terrain/Lightmap-84_comp_dir.png using Guid(a2fa4e738df0bdf4b861df0881e8a5a5) Importer(815301076,1909f56bfc062723c751e8b465ee728b)  -> (artifact id: '0ce1696b343bb4f409b3163ad4f67bec') in 0.013838 seconds 
Number of updated asset objects reloaded before import = 0
Number of asset objects unloaded after import = 2
========================================================================
Received Import Request.
  Time since last request: 0.004200 seconds.
  path: Assets/Sandbox/terrain/Lightmap-85_comp_dir.png
  artifactKey: Guid(7ca96eb35b214994bb53c1fc9ff6e89a) Importer(815301076,1909f56bfc062723c751e8b465ee728b)
Start importing Assets/Sandbox/terrain/Lightmap-85_comp_dir.png using Guid(7ca96eb35b214994bb53c1fc9ff6e89a) Importer(815301076,1909f56bfc062723c751e8b465ee728b)  -> (artifact id: 'cae9f6842713ef357f5d576dd71b5f5a') in 0.014034 seconds 
Number of updated asset objects reloaded before import = 0
Number of asset objects unloaded after import = 2
========================================================================
Received Import Request.
  Time since last request: 0.006153 seconds.
  path: Assets/Sandbox/terrain/Lightmap-86_comp_dir.png
  artifactKey: Guid(9e4facf069f02ec4d89ecc1e0a85a821) Importer(815301076,1909f56bfc062723c751e8b465ee728b)
Start importing Assets/Sandbox/terrain/Lightmap-86_comp_dir.png using Guid(9e4facf069f02ec4d89ecc1e0a85a821) Importer(815301076,1909f56bfc062723c751e8b465ee728b)  -> (artifact id: '4fdf8b8d0bb8c818ca915f6990e1128a') in 0.012186 seconds 
Number of updated asset objects reloaded before import = 0
Number of asset objects unloaded after import = 2
========================================================================
Received Import Request.
  Time since last request: 0.007168 seconds.
  path: Assets/Sandbox/terrain/Lightmap-87_comp_dir.png
  artifactKey: Guid(91d324f0780cc3f478adc439b155f8c8) Importer(815301076,1909f56bfc062723c751e8b465ee728b)
Start importing Assets/Sandbox/terrain/Lightmap-87_comp_dir.png using Guid(91d324f0780cc3f478adc439b155f8c8) Importer(815301076,1909f56bfc062723c751e8b465ee728b)  -> (artifact id: '8444d6be4394d600157da0ad00005557') in 0.011720 seconds 
Number of updated asset objects reloaded before import = 0
Number of asset objects unloaded after import = 2
========================================================================
Received Import Request.
  Time since last request: 0.000154 seconds.
  path: Assets/Sandbox/terrain/Lightmap-87_comp_shadowmask.png
  artifactKey: Guid(afe9178816040c6409485941475c753a) Importer(815301076,1909f56bfc062723c751e8b465ee728b)
Start importing Assets/Sandbox/terrain/Lightmap-87_comp_shadowmask.png using Guid(afe9178816040c6409485941475c753a) Importer(815301076,1909f56bfc062723c751e8b465ee728b)  -> (artifact id: '9133dc4c50b43ccb38e55e823ebcfc05') in 0.013517 seconds 
Number of updated asset objects reloaded before import = 0
Number of asset objects unloaded after import = 2
========================================================================
Received Import Request.
  Time since last request: 0.004000 seconds.
  path: Assets/Sandbox/terrain/Lightmap-88_comp_shadowmask.png
  artifactKey: Guid(2505ab87dbe513742ae884622a1fe72b) Importer(815301076,1909f56bfc062723c751e8b465ee728b)
Start importing Assets/Sandbox/terrain/Lightmap-88_comp_shadowmask.png using Guid(2505ab87dbe513742ae884622a1fe72b) Importer(815301076,1909f56bfc062723c751e8b465ee728b)  -> (artifact id: '5d66794cb0ca2672c77507b16341a437') in 0.014150 seconds 
Number of updated asset objects reloaded before import = 0
Number of asset objects unloaded after import = 2
========================================================================
Received Import Request.
  Time since last request: 13.114731 seconds.
  path: Assets/Prefabs/Terrain/Plants/flowerBlue.prefab
  artifactKey: Guid(9d22c8ac61197df41987cfaf4133041e) Importer(815301076,1909f56bfc062723c751e8b465ee728b)
Start importing Assets/Prefabs/Terrain/Plants/flowerBlue.prefab using Guid(9d22c8ac61197df41987cfaf4133041e) Importer(815301076,1909f56bfc062723c751e8b465ee728b)  -> (artifact id: '1fcdc3fbcb2bd4ecd7ac72b47df7c03a') in 0.073219 seconds 
Number of updated asset objects reloaded before import = 0
Number of asset objects unloaded after import = 21
========================================================================
Received Import Request.
  Time since last request: 2.548695 seconds.
  path: Assets/Prefabs/Terrain/Stones/stoneLarge01.prefab
  artifactKey: Guid(0b581fb16ba448b4f8418d5691b37af4) Importer(815301076,1909f56bfc062723c751e8b465ee728b)
Start importing Assets/Prefabs/Terrain/Stones/stoneLarge01.prefab using Guid(0b581fb16ba448b4f8418d5691b37af4) Importer(815301076,1909f56bfc062723c751e8b465ee728b)  -> (artifact id: 'e0d2686dbd8e2b1936715a527757f423') in 0.014724 seconds 
Number of updated asset objects reloaded before import = 0
Number of asset objects unloaded after import = 22
========================================================================
Received Import Request.
  Time since last request: 0.000827 seconds.
  path: Assets/Prefabs/Terrain/Stones/stoneMedium02.prefab
  artifactKey: Guid(9de9025bc69d6534c93dc4393354884d) Importer(815301076,1909f56bfc062723c751e8b465ee728b)
Start importing Assets/Prefabs/Terrain/Stones/stoneMedium02.prefab using Guid(9de9025bc69d6534c93dc4393354884d) Importer(815301076,1909f56bfc062723c751e8b465ee728b)  -> (artifact id: 'f2105ee1ea829672709589f49610c3b1') in 0.014453 seconds 
Number of updated asset objects reloaded before import = 0
Number of asset objects unloaded after import = 22
========================================================================
Received Import Request.
  Time since last request: 0.000019 seconds.
  path: Assets/Prefabs/Terrain/Stones/stoneSmall02.prefab
  artifactKey: Guid(cacc75061d77e414695fbdfc02ea6d47) Importer(815301076,1909f56bfc062723c751e8b465ee728b)
Start importing Assets/Prefabs/Terrain/Stones/stoneSmall02.prefab using Guid(cacc75061d77e414695fbdfc02ea6d47) Importer(815301076,1909f56bfc062723c751e8b465ee728b)  -> (artifact id: '22eac10df28bbe26103afb50f545e858') in 0.016109 seconds 
Number of updated asset objects reloaded before import = 0
Number of asset objects unloaded after import = 22
========================================================================
Received Import Request.
  Time since last request: 0.284164 seconds.
  path: Assets/Prefabs/Terrain/Trees/logMedium01.prefab
  artifactKey: Guid(22db8e4a615ffd343b222a27ab4fd29d) Importer(815301076,1909f56bfc062723c751e8b465ee728b)
Start importing Assets/Prefabs/Terrain/Trees/logMedium01.prefab using Guid(22db8e4a615ffd343b222a27ab4fd29d) Importer(815301076,1909f56bfc062723c751e8b465ee728b)  -> (artifact id: '9ffbd515241235487eb9bd3a1d26dff3') in 0.013907 seconds 
Number of updated asset objects reloaded before import = 0
Number of asset objects unloaded after import = 22
========================================================================
Received Import Request.
  Time since last request: 0.004441 seconds.
  path: Assets/Prefabs/Terrain/Trees/trunkMedium01.prefab
  artifactKey: Guid(31f4f53bef974c4488fdc44f36067e8f) Importer(815301076,1909f56bfc062723c751e8b465ee728b)
Start importing Assets/Prefabs/Terrain/Trees/trunkMedium01.prefab using Guid(31f4f53bef974c4488fdc44f36067e8f) Importer(815301076,1909f56bfc062723c751e8b465ee728b)  -> (artifact id: 'a924017c0603f16e6f9a95d46e3c899d') in 0.015254 seconds 
Number of updated asset objects reloaded before import = 0
Number of asset objects unloaded after import = 22
========================================================================
Received Import Request.
  Time since last request: 13.529102 seconds.
  path: Assets/Prefabs/Terrain/Roads/roadCrossing01.prefab
  artifactKey: Guid(5b82eac3be3b49d4d96fb69c12d88472) Importer(815301076,1909f56bfc062723c751e8b465ee728b)
Start importing Assets/Prefabs/Terrain/Roads/roadCrossing01.prefab using Guid(5b82eac3be3b49d4d96fb69c12d88472) Importer(815301076,1909f56bfc062723c751e8b465ee728b)  -> (artifact id: 'ea0ffd4a92df410020f2419e57e44099') in 0.014650 seconds 
Number of updated asset objects reloaded before import = 0
Number of asset objects unloaded after import = 22
========================================================================
Received Import Request.
  Time since last request: 0.004783 seconds.
  path: Assets/Prefabs/Terrain/Roads/roadThree01.prefab
  artifactKey: Guid(1e79265c01eb8fd4883d1f8f6ee18bc2) Importer(815301076,1909f56bfc062723c751e8b465ee728b)
Start importing Assets/Prefabs/Terrain/Roads/roadThree01.prefab using Guid(1e79265c01eb8fd4883d1f8f6ee18bc2) Importer(815301076,1909f56bfc062723c751e8b465ee728b)  -> (artifact id: '1b5487b364d8b03b0a94c5a3a432d956') in 0.015634 seconds 
Number of updated asset objects reloaded before import = 0
Number of asset objects unloaded after import = 22
========================================================================
Received Import Request.
  Time since last request: 1.182607 seconds.
  path: Assets/Prefabs/Terrain/Flat/grass.prefab
  artifactKey: Guid(4d3ce4b17af4273499ada4affff1208f) Importer(815301076,1909f56bfc062723c751e8b465ee728b)
Start importing Assets/Prefabs/Terrain/Flat/grass.prefab using Guid(4d3ce4b17af4273499ada4affff1208f) Importer(815301076,1909f56bfc062723c751e8b465ee728b)  -> (artifact id: '65104a5b504956a8d08c62b431743845') in 0.013315 seconds 
Number of updated asset objects reloaded before import = 0
Number of asset objects unloaded after import = 22
========================================================================
Received Import Request.
  Time since last request: 0.004524 seconds.
  path: Assets/Prefabs/Terrain/Flat/sandGrassEdgeTurn.prefab
  artifactKey: Guid(a68be79f43f2e984aaeec80dbf70118d) Importer(815301076,1909f56bfc062723c751e8b465ee728b)
Start importing Assets/Prefabs/Terrain/Flat/sandGrassEdgeTurn.prefab using Guid(a68be79f43f2e984aaeec80dbf70118d) Importer(815301076,1909f56bfc062723c751e8b465ee728b)  -> (artifact id: 'c3c96a0f5cf5426142b172c273cfbaa1') in 0.015008 seconds 
Number of updated asset objects reloaded before import = 0
Number of asset objects unloaded after import = 22
========================================================================
Received Import Request.
  Time since last request: 9.303018 seconds.
  path: Assets/Prefabs/Terrain/Elevation/grassElevationCorner.prefab
  artifactKey: Guid(0cd93012c79dc3e4393eec98fbf76b2c) Importer(815301076,1909f56bfc062723c751e8b465ee728b)
Start importing Assets/Prefabs/Terrain/Elevation/grassElevationCorner.prefab using Guid(0cd93012c79dc3e4393eec98fbf76b2c) Importer(815301076,1909f56bfc062723c751e8b465ee728b)  -> (artifact id: '157cdd70bd158ab2ff8f11c58c943903') in 0.014412 seconds 
Number of updated asset objects reloaded before import = 0
Number of asset objects unloaded after import = 22
========================================================================
Received Import Request.
  Time since last request: 0.001334 seconds.
  path: Assets/Prefabs/Terrain/Elevation/grassElevationTurn.prefab
  artifactKey: Guid(bfa241cc4a8aa9249814d1d7d1c5eeb9) Importer(815301076,1909f56bfc062723c751e8b465ee728b)
Start importing Assets/Prefabs/Terrain/Elevation/grassElevationTurn.prefab using Guid(bfa241cc4a8aa9249814d1d7d1c5eeb9) Importer(815301076,1909f56bfc062723c751e8b465ee728b)  -> (artifact id: '51efd5ab70459124e1817c0dbcc4f754') in 0.015506 seconds 
Number of updated asset objects reloaded before import = 0
Number of asset objects unloaded after import = 22
========================================================================
Received Import Request.
  Time since last request: 0.000229 seconds.
  path: Assets/Prefabs/Terrain/Elevation/sandElevationTurn.prefab
  artifactKey: Guid(abccbe82a7a36b246aad7a252f6dca20) Importer(815301076,1909f56bfc062723c751e8b465ee728b)
Start importing Assets/Prefabs/Terrain/Elevation/sandElevationTurn.prefab using Guid(abccbe82a7a36b246aad7a252f6dca20) Importer(815301076,1909f56bfc062723c751e8b465ee728b)  -> (artifact id: '52b3975484be6138d82c99e40bff2197') in 0.014383 seconds 
Number of updated asset objects reloaded before import = 0
Number of asset objects unloaded after import = 22
========================================================================
Received Import Request.
  Time since last request: 0.001987 seconds.
  path: Assets/Prefabs/Terrain/Elevation/stoneElevationTurn.prefab
  artifactKey: Guid(9dfed7b18b81d9246b58d334d8dcab88) Importer(815301076,1909f56bfc062723c751e8b465ee728b)
Start importing Assets/Prefabs/Terrain/Elevation/stoneElevationTurn.prefab using Guid(9dfed7b18b81d9246b58d334d8dcab88) Importer(815301076,1909f56bfc062723c751e8b465ee728b)  -> (artifact id: 'f1f92a62570e8378945d39ad6168c3f2') in 0.016866 seconds 
Number of updated asset objects reloaded before import = 0
Number of asset objects unloaded after import = 22
========================================================================
Received Prepare
Begin MonoManager ReloadAssembly
- Loaded All Assemblies, in  4.542 seconds
Refreshing native plugins compatible for Editor in 0.76 ms, found 2 plugins.
Native extension for WindowsStandalone target not found
Native extension for Android target not found
Mono: successfully reloaded assembly
- Finished resetting the current domain, in  3.941 seconds
Domain Reload Profiling:
	ReloadAssembly (2817ms)
		BeginReloadAssembly (2754ms)
			ExecutionOrderSort (0ms)
			DisableScriptedObjects (10ms)
			BackupInstance (0ms)
			ReleaseScriptingObjects (0ms)
			CreateAndSetChildDomain (92ms)
		LoadAllAssembliesAndSetupDomain (1725ms)
			LoadAssemblies (1626ms)
			RebuildTransferFunctionScriptingTraits (0ms)
			SetupTypeCache (181ms)
				TypeCache.Initialize (175ms)
					TypeCache.ScanAssembly (169ms)
				ResolveRequiredComponents (4ms)
		FinalizeReload (0ms)
			ReleaseScriptCaches (0ms)
			RebuildScriptCaches (0ms)
			SetupLoadedEditorAssemblies (245ms)
				LogAssemblyErrors (0ms)
				InitializePlatformSupportModulesInManaged (16ms)
				SetLoadedEditorAssemblies (4ms)
				RefreshPlugins (0ms)
				BeforeProcessingInitializeOnLoad (36ms)
				ProcessInitializeOnLoadAttributes (170ms)
				ProcessInitializeOnLoadMethodAttributes (17ms)
				AfterProcessingInitializeOnLoad (2ms)
				EditorAssembliesLoaded (0ms)
			ExecutionOrderSort2 (0ms)
			AwakeInstancesAfterBackupRestoration (9ms)
Refreshing native plugins compatible for Editor in 0.85 ms, found 2 plugins.
Preloading 0 native plugins for Editor in 0.00 ms.
Unloading 1705 Unused Serialized files (Serialized files now loaded: 0)
Unloading 33 unused Assets / (1.6 MB). Loaded Objects now: 2288.
Memory consumption went from 321.4 MB to 319.9 MB.
Total: 4.299700 ms (FindLiveObjects: 0.179100 ms CreateObjectMapping: 0.055900 ms MarkObjects: 3.535700 ms  DeleteObjects: 0.527500 ms)

Prepare: number of updated asset objects reloaded= 0
AssetImportParameters requested are different than current active one (requested -> active):
  custom:video-decoder-webm-vp8: 9c59270c3fd7afecdb556c50c9e8de78 -> 
  custom:container-demuxer-ogg: 62fdf1f143b41e24485cea50d1cbac27 -> 
  custom:AudioImporter_EditorPlatform: d09bf68614088b80899f8185d706f6e7 -> 
  custom:video-decoder-ogg-theora: a1e56fd34408186e4bbccfd4996cb3dc -> 
  custom:framework-win-MediaFoundation: 216162199b28c13a410421893ffa2e32 -> 
  custom:video-encoder-webm-vp8: eb34c28f22e8b96e1ab97ce403110664 -> 
  custom:audio-decoder-ogg-vorbis: bf7c407c2cedff20999df2af8eb42d56 -> 
  custom:container-demuxer-webm: 4f35f7cbe854078d1ac9338744f61a02 -> 
  custom:audio-encoder-webm-vorbis: bf7c407c2cedff20999df2af8eb42d56 -> 
  custom:container-muxer-webm: aa71ff27fc2769a1b78a27578f13a17b -> 
========================================================================
Received Prepare
Begin MonoManager ReloadAssembly
- Loaded All Assemblies, in  0.507 seconds
Refreshing native plugins compatible for Editor in 0.86 ms, found 2 plugins.
Native extension for WindowsStandalone target not found
Native extension for Android target not found
Mono: successfully reloaded assembly
- Finished resetting the current domain, in  0.523 seconds
Domain Reload Profiling:
	ReloadAssembly (244ms)
		BeginReloadAssembly (184ms)
			ExecutionOrderSort (0ms)
			DisableScriptedObjects (4ms)
			BackupInstance (0ms)
			ReleaseScriptingObjects (0ms)
			CreateAndSetChildDomain (27ms)
		LoadAllAssembliesAndSetupDomain (264ms)
			LoadAssemblies (149ms)
			RebuildTransferFunctionScriptingTraits (0ms)
			SetupTypeCache (170ms)
				TypeCache.Initialize (164ms)
					TypeCache.ScanAssembly (161ms)
				ResolveRequiredComponents (4ms)
		FinalizeReload (0ms)
			ReleaseScriptCaches (0ms)
			RebuildScriptCaches (0ms)
			SetupLoadedEditorAssemblies (272ms)
				LogAssemblyErrors (0ms)
				InitializePlatformSupportModulesInManaged (17ms)
				SetLoadedEditorAssemblies (3ms)
				RefreshPlugins (0ms)
				BeforeProcessingInitializeOnLoad (38ms)
				ProcessInitializeOnLoadAttributes (195ms)
				ProcessInitializeOnLoadMethodAttributes (15ms)
				AfterProcessingInitializeOnLoad (3ms)
				EditorAssembliesLoaded (0ms)
			ExecutionOrderSort2 (0ms)
			AwakeInstancesAfterBackupRestoration (8ms)
Refreshing native plugins compatible for Editor in 0.85 ms, found 2 plugins.
Preloading 0 native plugins for Editor in 0.00 ms.
Unloading 1705 Unused Serialized files (Serialized files now loaded: 0)
Unloading 33 unused Assets / (1.6 MB). Loaded Objects now: 2291.
Memory consumption went from 321.4 MB to 319.9 MB.
Total: 3.003500 ms (FindLiveObjects: 0.188800 ms CreateObjectMapping: 0.088600 ms MarkObjects: 2.216400 ms  DeleteObjects: 0.508200 ms)

Prepare: number of updated asset objects reloaded= 0
AssetImportParameters requested are different than current active one (requested -> active):
  custom:video-decoder-webm-vp8: 9c59270c3fd7afecdb556c50c9e8de78 -> 
  custom:container-demuxer-ogg: 62fdf1f143b41e24485cea50d1cbac27 -> 
  custom:AudioImporter_EditorPlatform: d09bf68614088b80899f8185d706f6e7 -> 
  custom:video-decoder-ogg-theora: a1e56fd34408186e4bbccfd4996cb3dc -> 
  custom:framework-win-MediaFoundation: 216162199b28c13a410421893ffa2e32 -> 
  custom:video-encoder-webm-vp8: eb34c28f22e8b96e1ab97ce403110664 -> 
  custom:audio-decoder-ogg-vorbis: bf7c407c2cedff20999df2af8eb42d56 -> 
  custom:container-demuxer-webm: 4f35f7cbe854078d1ac9338744f61a02 -> 
  custom:audio-encoder-webm-vorbis: bf7c407c2cedff20999df2af8eb42d56 -> 
  custom:container-muxer-webm: aa71ff27fc2769a1b78a27578f13a17b -> 
========================================================================
Received Import Request.
  Time since last request: 40979.995448 seconds.
  path: Assets/Thirdparty/SlimUI/Modern Menu 1/POST_ModernMenu.asset
  artifactKey: Guid(e7593116ac2ca3b41a137dfec63d5faf) Importer(815301076,1909f56bfc062723c751e8b465ee728b)
Start importing Assets/Thirdparty/SlimUI/Modern Menu 1/POST_ModernMenu.asset using Guid(e7593116ac2ca3b41a137dfec63d5faf) Importer(815301076,1909f56bfc062723c751e8b465ee728b)  -> (artifact id: '9f9fa2f5e02908a7a9d8d5852281681b') in 0.047820 seconds 
Number of updated asset objects reloaded before import = 0
Number of asset objects unloaded after import = 2
========================================================================
Received Import Request.
  Time since last request: 85.304053 seconds.
  path: Assets/Thirdparty/SlimUI/Data/ThemeSettings_ModernMenuUI.asset
  artifactKey: Guid(e00c7d2bc58a2424b8dc09ecdafdb067) Importer(815301076,1909f56bfc062723c751e8b465ee728b)
Start importing Assets/Thirdparty/SlimUI/Data/ThemeSettings_ModernMenuUI.asset using Guid(e00c7d2bc58a2424b8dc09ecdafdb067) Importer(815301076,1909f56bfc062723c751e8b465ee728b)  -> (artifact id: '793027929980fc16d6403b0bb7d02e4f') in 0.001137 seconds 
Number of updated asset objects reloaded before import = 0
Number of asset objects unloaded after import = 1
