Using pre-set license
Built from '2022.2/staging' branch; Version is '2022.2.9f1 (1cc571a6ec95) revision 1885553'; Using compiler version '192829333'; Build Type 'Release'
OS: 'Windows 10  (10.0.19045) 64bit Professional' Language: 'en' Physical Memory: 32699 MB
BatchMode: 1, IsHumanControllingUs: 0, StartBugReporterOnCrash: 0, Is64bit: 1, IsPro: 1

COMMAND LINE ARGUMENTS:
E:\Unity\2022.2.9f1\Editor\Unity.exe
-adb2
-batchMode
-noUpm
-name
AssetImportWorker5
-projectPath
E:/Gits/voxLand
-logFile
Logs/AssetImportWorker5.log
-srvPort
53156
Successfully changed project path to: E:/Gits/voxLand
E:/Gits/voxLand
[UnityMemory] Configuration Parameters - Can be set up in boot.config
    "memorysetup-bucket-allocator-granularity=16"
    "memorysetup-bucket-allocator-bucket-count=8"
    "memorysetup-bucket-allocator-block-size=33554432"
    "memorysetup-bucket-allocator-block-count=8"
    "memorysetup-main-allocator-block-size=16777216"
    "memorysetup-thread-allocator-block-size=16777216"
    "memorysetup-gfx-main-allocator-block-size=16777216"
    "memorysetup-gfx-thread-allocator-block-size=16777216"
    "memorysetup-cache-allocator-block-size=4194304"
    "memorysetup-typetree-allocator-block-size=2097152"
    "memorysetup-profiler-bucket-allocator-granularity=16"
    "memorysetup-profiler-bucket-allocator-bucket-count=8"
    "memorysetup-profiler-bucket-allocator-block-size=33554432"
    "memorysetup-profiler-bucket-allocator-block-count=8"
    "memorysetup-profiler-allocator-block-size=16777216"
    "memorysetup-profiler-editor-allocator-block-size=1048576"
    "memorysetup-temp-allocator-size-main=16777216"
    "memorysetup-job-temp-allocator-block-size=2097152"
    "memorysetup-job-temp-allocator-block-size-background=1048576"
    "memorysetup-job-temp-allocator-reduction-small-platforms=262144"
    "memorysetup-temp-allocator-size-background-worker=32768"
    "memorysetup-temp-allocator-size-job-worker=262144"
    "memorysetup-temp-allocator-size-preload-manager=33554432"
    "memorysetup-temp-allocator-size-nav-mesh-worker=65536"
    "memorysetup-temp-allocator-size-audio-worker=65536"
    "memorysetup-temp-allocator-size-cloud-worker=32768"
    "memorysetup-temp-allocator-size-gi-baking-worker=262144"
    "memorysetup-temp-allocator-size-gfx=262144"
Player connection [28784] Host "[IP] 192.168.50.101 [Port] 0 [Flags] 2 [Guid] 769952955 [EditorId] 769952955 [Version] 1048832 [Id] WindowsEditor(7,DESKTOP-GCQLO8P) [Debug] 1 [PackageName] WindowsEditor [ProjectName] Editor" joined multi-casting on [225.0.0.222:54997]...

Player connection [28784] Host "[IP] 192.168.50.101 [Port] 0 [Flags] 2 [Guid] 769952955 [EditorId] 769952955 [Version] 1048832 [Id] WindowsEditor(7,DESKTOP-GCQLO8P) [Debug] 1 [PackageName] WindowsEditor [ProjectName] Editor" joined alternative multi-casting on [225.0.0.222:34997]...

Refreshing native plugins compatible for Editor in 3.56 ms, found 2 plugins.
Preloading 0 native plugins for Editor in 0.00 ms.
Initialize engine version: 2022.2.9f1 (1cc571a6ec95)
[Subsystems] Discovering subsystems at path E:/Unity/2022.2.9f1/Editor/Data/Resources/UnitySubsystems
[Subsystems] Discovering subsystems at path E:/Gits/voxLand/Assets
GfxDevice: creating device client; threaded=0; jobified=0
Direct3D:
    Version:  Direct3D 11.0 [level 11.1]
    Renderer: NVIDIA GeForce RTX 2070 SUPER (ID=0x1e84)
    Vendor:   NVIDIA
    VRAM:     8003 MB
    Driver:   31.0.15.3699
Initialize mono
Mono path[0] = 'E:/Unity/2022.2.9f1/Editor/Data/Managed'
Mono path[1] = 'E:/Unity/2022.2.9f1/Editor/Data/MonoBleedingEdge/lib/mono/unityjit-win32'
Mono config path = 'E:/Unity/2022.2.9f1/Editor/Data/MonoBleedingEdge/etc'
Using monoOptions --debugger-agent=transport=dt_socket,embedding=1,server=y,suspend=n,address=127.0.0.1:56612
Begin MonoManager ReloadAssembly
Registering precompiled unity dll's ...
Register platform support module: E:/Unity/2022.2.9f1/Editor/Data/PlaybackEngines/AndroidPlayer/UnityEditor.Android.Extensions.dll
Register platform support module: E:/Unity/2022.2.9f1/Editor/Data/PlaybackEngines/WindowsStandaloneSupport/UnityEditor.WindowsStandalone.Extensions.dll
Registered in 0.005661 seconds.
- Loaded All Assemblies, in  0.281 seconds
Native extension for WindowsStandalone target not found
Native extension for Android target not found
Android Extension - Scanning For ADB Devices 349 ms
Mono: successfully reloaded assembly
- Finished resetting the current domain, in  0.596 seconds
Domain Reload Profiling:
	ReloadAssembly (164ms)
		BeginReloadAssembly (75ms)
			ExecutionOrderSort (0ms)
			DisableScriptedObjects (0ms)
			BackupInstance (0ms)
			ReleaseScriptingObjects (0ms)
			CreateAndSetChildDomain (1ms)
		LoadAllAssembliesAndSetupDomain (0ms)
			LoadAssemblies (75ms)
			RebuildTransferFunctionScriptingTraits (0ms)
			SetupTypeCache (115ms)
				TypeCache.Initialize (114ms)
					TypeCache.ScanAssembly (113ms)
				ResolveRequiredComponents (0ms)
		FinalizeReload (0ms)
			ReleaseScriptCaches (0ms)
			RebuildScriptCaches (0ms)
			SetupLoadedEditorAssemblies (549ms)
				LogAssemblyErrors (0ms)
				InitializePlatformSupportModulesInManaged (429ms)
				SetLoadedEditorAssemblies (3ms)
				RefreshPlugins (0ms)
				BeforeProcessingInitializeOnLoad (1ms)
				ProcessInitializeOnLoadAttributes (79ms)
				ProcessInitializeOnLoadMethodAttributes (38ms)
				AfterProcessingInitializeOnLoad (0ms)
				EditorAssembliesLoaded (0ms)
			ExecutionOrderSort2 (0ms)
			AwakeInstancesAfterBackupRestoration (0ms)
========================================================================
Worker process is ready to serve import requests
Begin MonoManager ReloadAssembly
- Loaded All Assemblies, in  0.468 seconds
Refreshing native plugins compatible for Editor in 0.80 ms, found 2 plugins.
Native extension for WindowsStandalone target not found
Native extension for Android target not found
Mono: successfully reloaded assembly
- Finished resetting the current domain, in  0.368 seconds
Domain Reload Profiling:
	ReloadAssembly (182ms)
		BeginReloadAssembly (112ms)
			ExecutionOrderSort (0ms)
			DisableScriptedObjects (5ms)
			BackupInstance (0ms)
			ReleaseScriptingObjects (0ms)
			CreateAndSetChildDomain (20ms)
		LoadAllAssembliesAndSetupDomain (286ms)
			LoadAssemblies (161ms)
			RebuildTransferFunctionScriptingTraits (0ms)
			SetupTypeCache (185ms)
				TypeCache.Initialize (174ms)
					TypeCache.ScanAssembly (171ms)
				ResolveRequiredComponents (4ms)
		FinalizeReload (0ms)
			ReleaseScriptCaches (0ms)
			RebuildScriptCaches (0ms)
			SetupLoadedEditorAssemblies (235ms)
				LogAssemblyErrors (0ms)
				InitializePlatformSupportModulesInManaged (14ms)
				SetLoadedEditorAssemblies (2ms)
				RefreshPlugins (0ms)
				BeforeProcessingInitializeOnLoad (31ms)
				ProcessInitializeOnLoadAttributes (169ms)
				ProcessInitializeOnLoadMethodAttributes (16ms)
				AfterProcessingInitializeOnLoad (2ms)
				EditorAssembliesLoaded (0ms)
			ExecutionOrderSort2 (0ms)
			AwakeInstancesAfterBackupRestoration (6ms)
Launched and connected shader compiler UnityShaderCompiler.exe after 0.07 seconds
Refreshing native plugins compatible for Editor in 0.99 ms, found 2 plugins.
Preloading 0 native plugins for Editor in 0.00 ms.
Unloading 1769 Unused Serialized files (Serialized files now loaded: 0)
Unloading 38 unused Assets / (1.6 MB). Loaded Objects now: 2267.
Memory consumption went from 332.3 MB to 330.7 MB.
Total: 3.066900 ms (FindLiveObjects: 0.173300 ms CreateObjectMapping: 0.050800 ms MarkObjects: 2.361800 ms  DeleteObjects: 0.480300 ms)

AssetImportParameters requested are different than current active one (requested -> active):
  custom:video-decoder-webm-vp8: 9c59270c3fd7afecdb556c50c9e8de78 -> 
  custom:scripting/monoscript/fileName/UIMenuManager.cs: 03a514df3da008682da3f660f898a503 -> d3a34efdfcbc28c1ba27a4d292ec7869
  custom:container-demuxer-ogg: 62fdf1f143b41e24485cea50d1cbac27 -> 
  custom:AudioImporter_EditorPlatform: d09bf68614088b80899f8185d706f6e7 -> 
  custom:scripting/monoscript/fileName/CheckSFXVolume.cs: 0031632dcd762e0d5d1000ba189b345d -> eee54ca0ca6a506ae949112461467222
  custom:video-decoder-ogg-theora: a1e56fd34408186e4bbccfd4996cb3dc -> 
  custom:scripting/monoscript/fileName/SlimUIWindow.cs: 96f93942c0bddaa19f070c220bda5711 -> 98218d34930a09c0ffdee48076194cfb
  custom:framework-win-MediaFoundation: 216162199b28c13a410421893ffa2e32 -> 
  custom:scripting/monoscript/fileName/ExtraLinks.cs: 1adcedf3fa8313d2cdb79b28eea806f4 -> 3aacf089bb936eeb41d6c4944ad6b53d
  custom:video-encoder-webm-vp8: eb34c28f22e8b96e1ab97ce403110664 -> 
  custom:scripting/monoscript/fileName/ThemedUIData.cs: a7c5267c0a28058e8d89ee09ef2e955e -> 4f890ea9b03dedc0c327cd74cecc037d
  custom:audio-decoder-ogg-vorbis: bf7c407c2cedff20999df2af8eb42d56 -> 
  custom:scripting/monoscript/fileName/CheckMusicVolume.cs: 7cd0c9f5f947d20ee9b9f68c06338612 -> 35420266a0dc9971e1d62d8f22b5825c
  custom:container-demuxer-webm: 4f35f7cbe854078d1ac9338744f61a02 -> 
  custom:scripting/monoscript/fileName/ThemedUI.cs: 55f73259b7b7902f31f56a19de7a32d6 -> 2b032e5ab0a1b31148ae4fce15aa3be3
  custom:audio-encoder-webm-vorbis: bf7c407c2cedff20999df2af8eb42d56 -> 
  custom:scripting/monoscript/fileName/ResetDemo.cs: 18e9dda52e5da0c092cd058eda8e35ca -> dcbbf29fcacd951d216c30b8221cf60c
  custom:scripting/monoscript/fileName/ThemedUIElement.cs: 701071ca36cc3a9667ed9adea14eb2f0 -> a720a39cc31196dc6427cc937fbe4f10
  custom:container-muxer-webm: aa71ff27fc2769a1b78a27578f13a17b -> 
  custom:scripting/monoscript/fileName/UISettingsManager.cs: bbe65d6b88b6a85690ef76887f75b3bc -> 658c237d11fe42068651cf384f19ab5b
========================================================================
Received Prepare
Begin MonoManager ReloadAssembly
- Loaded All Assemblies, in  0.520 seconds
Refreshing native plugins compatible for Editor in 0.81 ms, found 2 plugins.
Native extension for WindowsStandalone target not found
Native extension for Android target not found
Mono: successfully reloaded assembly
- Finished resetting the current domain, in  0.508 seconds
Domain Reload Profiling:
	ReloadAssembly (255ms)
		BeginReloadAssembly (192ms)
			ExecutionOrderSort (0ms)
			DisableScriptedObjects (5ms)
			BackupInstance (0ms)
			ReleaseScriptingObjects (0ms)
			CreateAndSetChildDomain (32ms)
		LoadAllAssembliesAndSetupDomain (264ms)
			LoadAssemblies (140ms)
			RebuildTransferFunctionScriptingTraits (0ms)
			SetupTypeCache (178ms)
				TypeCache.Initialize (174ms)
					TypeCache.ScanAssembly (170ms)
				ResolveRequiredComponents (4ms)
		FinalizeReload (0ms)
			ReleaseScriptCaches (0ms)
			RebuildScriptCaches (0ms)
			SetupLoadedEditorAssemblies (270ms)
				LogAssemblyErrors (0ms)
				InitializePlatformSupportModulesInManaged (18ms)
				SetLoadedEditorAssemblies (2ms)
				RefreshPlugins (0ms)
				BeforeProcessingInitializeOnLoad (35ms)
				ProcessInitializeOnLoadAttributes (193ms)
				ProcessInitializeOnLoadMethodAttributes (19ms)
				AfterProcessingInitializeOnLoad (3ms)
				EditorAssembliesLoaded (0ms)
			ExecutionOrderSort2 (0ms)
			AwakeInstancesAfterBackupRestoration (8ms)
Refreshing native plugins compatible for Editor in 0.82 ms, found 2 plugins.
Preloading 0 native plugins for Editor in 0.00 ms.
Unloading 1705 Unused Serialized files (Serialized files now loaded: 0)
Unloading 33 unused Assets / (1.6 MB). Loaded Objects now: 2270.
Memory consumption went from 317.6 MB to 316.0 MB.
Total: 3.351900 ms (FindLiveObjects: 0.163500 ms CreateObjectMapping: 0.046900 ms MarkObjects: 2.658300 ms  DeleteObjects: 0.482400 ms)

Prepare: number of updated asset objects reloaded= 0
AssetImportParameters requested are different than current active one (requested -> active):
  custom:video-decoder-webm-vp8: 9c59270c3fd7afecdb556c50c9e8de78 -> 
  custom:scripting/monoscript/fileName/UIMenuManager.cs: 03a514df3da008682da3f660f898a503 -> d3a34efdfcbc28c1ba27a4d292ec7869
  custom:container-demuxer-ogg: 62fdf1f143b41e24485cea50d1cbac27 -> 
  custom:AudioImporter_EditorPlatform: d09bf68614088b80899f8185d706f6e7 -> 
  custom:scripting/monoscript/fileName/CheckSFXVolume.cs: 0031632dcd762e0d5d1000ba189b345d -> eee54ca0ca6a506ae949112461467222
  custom:video-decoder-ogg-theora: a1e56fd34408186e4bbccfd4996cb3dc -> 
  custom:scripting/monoscript/fileName/SlimUIWindow.cs: 96f93942c0bddaa19f070c220bda5711 -> 98218d34930a09c0ffdee48076194cfb
  custom:framework-win-MediaFoundation: 216162199b28c13a410421893ffa2e32 -> 
  custom:scripting/monoscript/fileName/ExtraLinks.cs: 1adcedf3fa8313d2cdb79b28eea806f4 -> 3aacf089bb936eeb41d6c4944ad6b53d
  custom:video-encoder-webm-vp8: eb34c28f22e8b96e1ab97ce403110664 -> 
  custom:scripting/monoscript/fileName/ThemedUIData.cs: a7c5267c0a28058e8d89ee09ef2e955e -> 4f890ea9b03dedc0c327cd74cecc037d
  custom:audio-decoder-ogg-vorbis: bf7c407c2cedff20999df2af8eb42d56 -> 
  custom:scripting/monoscript/fileName/CheckMusicVolume.cs: 7cd0c9f5f947d20ee9b9f68c06338612 -> 35420266a0dc9971e1d62d8f22b5825c
  custom:container-demuxer-webm: 4f35f7cbe854078d1ac9338744f61a02 -> 
  custom:scripting/monoscript/fileName/ThemedUI.cs: 55f73259b7b7902f31f56a19de7a32d6 -> 2b032e5ab0a1b31148ae4fce15aa3be3
  custom:audio-encoder-webm-vorbis: bf7c407c2cedff20999df2af8eb42d56 -> 
  custom:scripting/monoscript/fileName/ResetDemo.cs: 18e9dda52e5da0c092cd058eda8e35ca -> dcbbf29fcacd951d216c30b8221cf60c
  custom:scripting/monoscript/fileName/ThemedUIElement.cs: 701071ca36cc3a9667ed9adea14eb2f0 -> a720a39cc31196dc6427cc937fbe4f10
  custom:container-muxer-webm: aa71ff27fc2769a1b78a27578f13a17b -> 
  custom:scripting/monoscript/fileName/UISettingsManager.cs: bbe65d6b88b6a85690ef76887f75b3bc -> 658c237d11fe42068651cf384f19ab5b
========================================================================
Received Prepare
Begin MonoManager ReloadAssembly
- Loaded All Assemblies, in  0.506 seconds
Refreshing native plugins compatible for Editor in 0.86 ms, found 2 plugins.
Native extension for WindowsStandalone target not found
Native extension for Android target not found
Mono: successfully reloaded assembly
- Finished resetting the current domain, in  0.519 seconds
Domain Reload Profiling:
	ReloadAssembly (249ms)
		BeginReloadAssembly (190ms)
			ExecutionOrderSort (0ms)
			DisableScriptedObjects (5ms)
			BackupInstance (0ms)
			ReleaseScriptingObjects (0ms)
			CreateAndSetChildDomain (33ms)
		LoadAllAssembliesAndSetupDomain (257ms)
			LoadAssemblies (141ms)
			RebuildTransferFunctionScriptingTraits (0ms)
			SetupTypeCache (170ms)
				TypeCache.Initialize (165ms)
					TypeCache.ScanAssembly (162ms)
				ResolveRequiredComponents (4ms)
		FinalizeReload (0ms)
			ReleaseScriptCaches (0ms)
			RebuildScriptCaches (0ms)
			SetupLoadedEditorAssemblies (273ms)
				LogAssemblyErrors (0ms)
				InitializePlatformSupportModulesInManaged (17ms)
				SetLoadedEditorAssemblies (2ms)
				RefreshPlugins (0ms)
				BeforeProcessingInitializeOnLoad (37ms)
				ProcessInitializeOnLoadAttributes (196ms)
				ProcessInitializeOnLoadMethodAttributes (17ms)
				AfterProcessingInitializeOnLoad (3ms)
				EditorAssembliesLoaded (0ms)
			ExecutionOrderSort2 (0ms)
			AwakeInstancesAfterBackupRestoration (9ms)
Refreshing native plugins compatible for Editor in 1.02 ms, found 2 plugins.
Preloading 0 native plugins for Editor in 0.00 ms.
Unloading 1705 Unused Serialized files (Serialized files now loaded: 0)
Unloading 33 unused Assets / (1.6 MB). Loaded Objects now: 2273.
Memory consumption went from 317.0 MB to 315.4 MB.
Total: 3.768500 ms (FindLiveObjects: 0.176300 ms CreateObjectMapping: 0.064500 ms MarkObjects: 2.642400 ms  DeleteObjects: 0.884200 ms)

Prepare: number of updated asset objects reloaded= 0
AssetImportParameters requested are different than current active one (requested -> active):
  custom:video-decoder-webm-vp8: 9c59270c3fd7afecdb556c50c9e8de78 -> 
  custom:scripting/monoscript/fileName/UIMenuManager.cs: 03a514df3da008682da3f660f898a503 -> d3a34efdfcbc28c1ba27a4d292ec7869
  custom:container-demuxer-ogg: 62fdf1f143b41e24485cea50d1cbac27 -> 
  custom:AudioImporter_EditorPlatform: d09bf68614088b80899f8185d706f6e7 -> 
  custom:scripting/monoscript/fileName/CheckSFXVolume.cs: 0031632dcd762e0d5d1000ba189b345d -> eee54ca0ca6a506ae949112461467222
  custom:video-decoder-ogg-theora: a1e56fd34408186e4bbccfd4996cb3dc -> 
  custom:scripting/monoscript/fileName/SlimUIWindow.cs: 96f93942c0bddaa19f070c220bda5711 -> 98218d34930a09c0ffdee48076194cfb
  custom:framework-win-MediaFoundation: 216162199b28c13a410421893ffa2e32 -> 
  custom:scripting/monoscript/fileName/ExtraLinks.cs: 1adcedf3fa8313d2cdb79b28eea806f4 -> 3aacf089bb936eeb41d6c4944ad6b53d
  custom:video-encoder-webm-vp8: eb34c28f22e8b96e1ab97ce403110664 -> 
  custom:scripting/monoscript/fileName/ThemedUIData.cs: a7c5267c0a28058e8d89ee09ef2e955e -> 4f890ea9b03dedc0c327cd74cecc037d
  custom:audio-decoder-ogg-vorbis: bf7c407c2cedff20999df2af8eb42d56 -> 
  custom:scripting/monoscript/fileName/CheckMusicVolume.cs: 7cd0c9f5f947d20ee9b9f68c06338612 -> 35420266a0dc9971e1d62d8f22b5825c
  custom:container-demuxer-webm: 4f35f7cbe854078d1ac9338744f61a02 -> 
  custom:scripting/monoscript/fileName/ThemedUI.cs: 55f73259b7b7902f31f56a19de7a32d6 -> 2b032e5ab0a1b31148ae4fce15aa3be3
  custom:audio-encoder-webm-vorbis: bf7c407c2cedff20999df2af8eb42d56 -> 
  custom:scripting/monoscript/fileName/ResetDemo.cs: 18e9dda52e5da0c092cd058eda8e35ca -> dcbbf29fcacd951d216c30b8221cf60c
  custom:scripting/monoscript/fileName/ThemedUIElement.cs: 701071ca36cc3a9667ed9adea14eb2f0 -> a720a39cc31196dc6427cc937fbe4f10
  custom:container-muxer-webm: aa71ff27fc2769a1b78a27578f13a17b -> 
  custom:scripting/monoscript/fileName/UISettingsManager.cs: bbe65d6b88b6a85690ef76887f75b3bc -> 658c237d11fe42068651cf384f19ab5b
========================================================================
Received Prepare
Begin MonoManager ReloadAssembly
- Loaded All Assemblies, in  0.509 seconds
Refreshing native plugins compatible for Editor in 0.82 ms, found 2 plugins.
Native extension for WindowsStandalone target not found
Native extension for Android target not found
Mono: successfully reloaded assembly
- Finished resetting the current domain, in  0.492 seconds
Domain Reload Profiling:
	ReloadAssembly (250ms)
		BeginReloadAssembly (190ms)
			ExecutionOrderSort (0ms)
			DisableScriptedObjects (4ms)
			BackupInstance (0ms)
			ReleaseScriptingObjects (0ms)
			CreateAndSetChildDomain (28ms)
		LoadAllAssembliesAndSetupDomain (260ms)
			LoadAssemblies (146ms)
			RebuildTransferFunctionScriptingTraits (0ms)
			SetupTypeCache (168ms)
				TypeCache.Initialize (164ms)
					TypeCache.ScanAssembly (161ms)
				ResolveRequiredComponents (4ms)
		FinalizeReload (0ms)
			ReleaseScriptCaches (0ms)
			RebuildScriptCaches (0ms)
			SetupLoadedEditorAssemblies (250ms)
				LogAssemblyErrors (0ms)
				InitializePlatformSupportModulesInManaged (17ms)
				SetLoadedEditorAssemblies (2ms)
				RefreshPlugins (0ms)
				BeforeProcessingInitializeOnLoad (36ms)
				ProcessInitializeOnLoadAttributes (175ms)
				ProcessInitializeOnLoadMethodAttributes (17ms)
				AfterProcessingInitializeOnLoad (2ms)
				EditorAssembliesLoaded (0ms)
			ExecutionOrderSort2 (0ms)
			AwakeInstancesAfterBackupRestoration (9ms)
Refreshing native plugins compatible for Editor in 1.33 ms, found 2 plugins.
Preloading 0 native plugins for Editor in 0.00 ms.
Unloading 1705 Unused Serialized files (Serialized files now loaded: 0)
Unloading 33 unused Assets / (1.6 MB). Loaded Objects now: 2276.
Memory consumption went from 317.0 MB to 315.4 MB.
Total: 3.261500 ms (FindLiveObjects: 0.193500 ms CreateObjectMapping: 0.046200 ms MarkObjects: 2.523200 ms  DeleteObjects: 0.497500 ms)

Prepare: number of updated asset objects reloaded= 0
AssetImportParameters requested are different than current active one (requested -> active):
  custom:video-decoder-webm-vp8: 9c59270c3fd7afecdb556c50c9e8de78 -> 
  custom:scripting/monoscript/fileName/UIMenuManager.cs: 03a514df3da008682da3f660f898a503 -> d3a34efdfcbc28c1ba27a4d292ec7869
  custom:container-demuxer-ogg: 62fdf1f143b41e24485cea50d1cbac27 -> 
  custom:AudioImporter_EditorPlatform: d09bf68614088b80899f8185d706f6e7 -> 
  custom:scripting/monoscript/fileName/CheckSFXVolume.cs: 0031632dcd762e0d5d1000ba189b345d -> eee54ca0ca6a506ae949112461467222
  custom:video-decoder-ogg-theora: a1e56fd34408186e4bbccfd4996cb3dc -> 
  custom:scripting/monoscript/fileName/SlimUIWindow.cs: 96f93942c0bddaa19f070c220bda5711 -> 98218d34930a09c0ffdee48076194cfb
  custom:framework-win-MediaFoundation: 216162199b28c13a410421893ffa2e32 -> 
  custom:scripting/monoscript/fileName/ExtraLinks.cs: 1adcedf3fa8313d2cdb79b28eea806f4 -> 3aacf089bb936eeb41d6c4944ad6b53d
  custom:video-encoder-webm-vp8: eb34c28f22e8b96e1ab97ce403110664 -> 
  custom:scripting/monoscript/fileName/ThemedUIData.cs: a7c5267c0a28058e8d89ee09ef2e955e -> 4f890ea9b03dedc0c327cd74cecc037d
  custom:audio-decoder-ogg-vorbis: bf7c407c2cedff20999df2af8eb42d56 -> 
  custom:scripting/monoscript/fileName/CheckMusicVolume.cs: 7cd0c9f5f947d20ee9b9f68c06338612 -> 35420266a0dc9971e1d62d8f22b5825c
  custom:container-demuxer-webm: 4f35f7cbe854078d1ac9338744f61a02 -> 
  custom:scripting/monoscript/fileName/ThemedUI.cs: 55f73259b7b7902f31f56a19de7a32d6 -> 2b032e5ab0a1b31148ae4fce15aa3be3
  custom:audio-encoder-webm-vorbis: bf7c407c2cedff20999df2af8eb42d56 -> 
  custom:scripting/monoscript/fileName/ResetDemo.cs: 18e9dda52e5da0c092cd058eda8e35ca -> dcbbf29fcacd951d216c30b8221cf60c
  custom:scripting/monoscript/fileName/ThemedUIElement.cs: 701071ca36cc3a9667ed9adea14eb2f0 -> a720a39cc31196dc6427cc937fbe4f10
  custom:container-muxer-webm: aa71ff27fc2769a1b78a27578f13a17b -> 
  custom:scripting/monoscript/fileName/UISettingsManager.cs: bbe65d6b88b6a85690ef76887f75b3bc -> 658c237d11fe42068651cf384f19ab5b
========================================================================
Received Prepare
Begin MonoManager ReloadAssembly
- Loaded All Assemblies, in  0.504 seconds
Refreshing native plugins compatible for Editor in 0.75 ms, found 2 plugins.
Native extension for WindowsStandalone target not found
Native extension for Android target not found
Mono: successfully reloaded assembly
- Finished resetting the current domain, in  0.520 seconds
Domain Reload Profiling:
	ReloadAssembly (248ms)
		BeginReloadAssembly (189ms)
			ExecutionOrderSort (0ms)
			DisableScriptedObjects (4ms)
			BackupInstance (0ms)
			ReleaseScriptingObjects (0ms)
			CreateAndSetChildDomain (26ms)
		LoadAllAssembliesAndSetupDomain (256ms)
			LoadAssemblies (148ms)
			RebuildTransferFunctionScriptingTraits (0ms)
			SetupTypeCache (165ms)
				TypeCache.Initialize (161ms)
					TypeCache.ScanAssembly (157ms)
				ResolveRequiredComponents (4ms)
		FinalizeReload (0ms)
			ReleaseScriptCaches (0ms)
			RebuildScriptCaches (0ms)
			SetupLoadedEditorAssemblies (275ms)
				LogAssemblyErrors (0ms)
				InitializePlatformSupportModulesInManaged (19ms)
				SetLoadedEditorAssemblies (3ms)
				RefreshPlugins (0ms)
				BeforeProcessingInitializeOnLoad (40ms)
				ProcessInitializeOnLoadAttributes (194ms)
				ProcessInitializeOnLoadMethodAttributes (18ms)
				AfterProcessingInitializeOnLoad (2ms)
				EditorAssembliesLoaded (0ms)
			ExecutionOrderSort2 (0ms)
			AwakeInstancesAfterBackupRestoration (9ms)
Refreshing native plugins compatible for Editor in 1.26 ms, found 2 plugins.
Preloading 0 native plugins for Editor in 0.00 ms.
Unloading 1705 Unused Serialized files (Serialized files now loaded: 0)
Unloading 33 unused Assets / (1.6 MB). Loaded Objects now: 2279.
Memory consumption went from 317.0 MB to 315.4 MB.
Total: 3.667800 ms (FindLiveObjects: 0.206200 ms CreateObjectMapping: 0.069300 ms MarkObjects: 2.563800 ms  DeleteObjects: 0.827400 ms)

Prepare: number of updated asset objects reloaded= 0
AssetImportParameters requested are different than current active one (requested -> active):
  custom:video-decoder-webm-vp8: 9c59270c3fd7afecdb556c50c9e8de78 -> 
  custom:scripting/monoscript/fileName/UIMenuManager.cs: 03a514df3da008682da3f660f898a503 -> d3a34efdfcbc28c1ba27a4d292ec7869
  custom:container-demuxer-ogg: 62fdf1f143b41e24485cea50d1cbac27 -> 
  custom:AudioImporter_EditorPlatform: d09bf68614088b80899f8185d706f6e7 -> 
  custom:scripting/monoscript/fileName/CheckSFXVolume.cs: 0031632dcd762e0d5d1000ba189b345d -> eee54ca0ca6a506ae949112461467222
  custom:video-decoder-ogg-theora: a1e56fd34408186e4bbccfd4996cb3dc -> 
  custom:scripting/monoscript/fileName/SlimUIWindow.cs: 96f93942c0bddaa19f070c220bda5711 -> 98218d34930a09c0ffdee48076194cfb
  custom:framework-win-MediaFoundation: 216162199b28c13a410421893ffa2e32 -> 
  custom:scripting/monoscript/fileName/ExtraLinks.cs: 1adcedf3fa8313d2cdb79b28eea806f4 -> 3aacf089bb936eeb41d6c4944ad6b53d
  custom:video-encoder-webm-vp8: eb34c28f22e8b96e1ab97ce403110664 -> 
  custom:scripting/monoscript/fileName/ThemedUIData.cs: a7c5267c0a28058e8d89ee09ef2e955e -> 4f890ea9b03dedc0c327cd74cecc037d
  custom:audio-decoder-ogg-vorbis: bf7c407c2cedff20999df2af8eb42d56 -> 
  custom:scripting/monoscript/fileName/CheckMusicVolume.cs: 7cd0c9f5f947d20ee9b9f68c06338612 -> 35420266a0dc9971e1d62d8f22b5825c
  custom:container-demuxer-webm: 4f35f7cbe854078d1ac9338744f61a02 -> 
  custom:scripting/monoscript/fileName/ThemedUI.cs: 55f73259b7b7902f31f56a19de7a32d6 -> 2b032e5ab0a1b31148ae4fce15aa3be3
  custom:audio-encoder-webm-vorbis: bf7c407c2cedff20999df2af8eb42d56 -> 
  custom:scripting/monoscript/fileName/ResetDemo.cs: 18e9dda52e5da0c092cd058eda8e35ca -> dcbbf29fcacd951d216c30b8221cf60c
  custom:scripting/monoscript/fileName/ThemedUIElement.cs: 701071ca36cc3a9667ed9adea14eb2f0 -> a720a39cc31196dc6427cc937fbe4f10
  custom:container-muxer-webm: aa71ff27fc2769a1b78a27578f13a17b -> 
  custom:scripting/monoscript/fileName/UISettingsManager.cs: bbe65d6b88b6a85690ef76887f75b3bc -> 658c237d11fe42068651cf384f19ab5b
========================================================================
Received Prepare
Begin MonoManager ReloadAssembly
- Loaded All Assemblies, in  0.513 seconds
Refreshing native plugins compatible for Editor in 0.85 ms, found 2 plugins.
Native extension for WindowsStandalone target not found
Native extension for Android target not found
Mono: successfully reloaded assembly
- Finished resetting the current domain, in  0.488 seconds
Domain Reload Profiling:
	ReloadAssembly (248ms)
		BeginReloadAssembly (183ms)
			ExecutionOrderSort (0ms)
			DisableScriptedObjects (4ms)
			BackupInstance (0ms)
			ReleaseScriptingObjects (0ms)
			CreateAndSetChildDomain (26ms)
		LoadAllAssembliesAndSetupDomain (266ms)
			LoadAssemblies (147ms)
			RebuildTransferFunctionScriptingTraits (0ms)
			SetupTypeCache (174ms)
				TypeCache.Initialize (170ms)
					TypeCache.ScanAssembly (167ms)
				ResolveRequiredComponents (4ms)
		FinalizeReload (0ms)
			ReleaseScriptCaches (0ms)
			RebuildScriptCaches (0ms)
			SetupLoadedEditorAssemblies (253ms)
				LogAssemblyErrors (0ms)
				InitializePlatformSupportModulesInManaged (15ms)
				SetLoadedEditorAssemblies (2ms)
				RefreshPlugins (0ms)
				BeforeProcessingInitializeOnLoad (36ms)
				ProcessInitializeOnLoadAttributes (178ms)
				ProcessInitializeOnLoadMethodAttributes (18ms)
				AfterProcessingInitializeOnLoad (3ms)
				EditorAssembliesLoaded (0ms)
			ExecutionOrderSort2 (0ms)
			AwakeInstancesAfterBackupRestoration (8ms)
Refreshing native plugins compatible for Editor in 0.88 ms, found 2 plugins.
Preloading 0 native plugins for Editor in 0.00 ms.
Unloading 1705 Unused Serialized files (Serialized files now loaded: 0)
Unloading 33 unused Assets / (1.6 MB). Loaded Objects now: 2282.
Memory consumption went from 317.0 MB to 315.4 MB.
Total: 3.978300 ms (FindLiveObjects: 0.198200 ms CreateObjectMapping: 0.052200 ms MarkObjects: 2.808900 ms  DeleteObjects: 0.917200 ms)

Prepare: number of updated asset objects reloaded= 0
AssetImportParameters requested are different than current active one (requested -> active):
  custom:video-decoder-webm-vp8: 9c59270c3fd7afecdb556c50c9e8de78 -> 
  custom:scripting/monoscript/fileName/UIMenuManager.cs: 03a514df3da008682da3f660f898a503 -> d3a34efdfcbc28c1ba27a4d292ec7869
  custom:container-demuxer-ogg: 62fdf1f143b41e24485cea50d1cbac27 -> 
  custom:AudioImporter_EditorPlatform: d09bf68614088b80899f8185d706f6e7 -> 
  custom:scripting/monoscript/fileName/CheckSFXVolume.cs: 0031632dcd762e0d5d1000ba189b345d -> eee54ca0ca6a506ae949112461467222
  custom:video-decoder-ogg-theora: a1e56fd34408186e4bbccfd4996cb3dc -> 
  custom:scripting/monoscript/fileName/SlimUIWindow.cs: 96f93942c0bddaa19f070c220bda5711 -> 98218d34930a09c0ffdee48076194cfb
  custom:framework-win-MediaFoundation: 216162199b28c13a410421893ffa2e32 -> 
  custom:scripting/monoscript/fileName/ExtraLinks.cs: 1adcedf3fa8313d2cdb79b28eea806f4 -> 3aacf089bb936eeb41d6c4944ad6b53d
  custom:video-encoder-webm-vp8: eb34c28f22e8b96e1ab97ce403110664 -> 
  custom:scripting/monoscript/fileName/ThemedUIData.cs: a7c5267c0a28058e8d89ee09ef2e955e -> 4f890ea9b03dedc0c327cd74cecc037d
  custom:audio-decoder-ogg-vorbis: bf7c407c2cedff20999df2af8eb42d56 -> 
  custom:scripting/monoscript/fileName/CheckMusicVolume.cs: 7cd0c9f5f947d20ee9b9f68c06338612 -> 35420266a0dc9971e1d62d8f22b5825c
  custom:container-demuxer-webm: 4f35f7cbe854078d1ac9338744f61a02 -> 
  custom:scripting/monoscript/fileName/ThemedUI.cs: 55f73259b7b7902f31f56a19de7a32d6 -> 2b032e5ab0a1b31148ae4fce15aa3be3
  custom:audio-encoder-webm-vorbis: bf7c407c2cedff20999df2af8eb42d56 -> 
  custom:scripting/monoscript/fileName/ResetDemo.cs: 18e9dda52e5da0c092cd058eda8e35ca -> dcbbf29fcacd951d216c30b8221cf60c
  custom:scripting/monoscript/fileName/ThemedUIElement.cs: 701071ca36cc3a9667ed9adea14eb2f0 -> a720a39cc31196dc6427cc937fbe4f10
  custom:container-muxer-webm: aa71ff27fc2769a1b78a27578f13a17b -> 
  custom:scripting/monoscript/fileName/UISettingsManager.cs: bbe65d6b88b6a85690ef76887f75b3bc -> 658c237d11fe42068651cf384f19ab5b
========================================================================
Received Prepare
Begin MonoManager ReloadAssembly
- Loaded All Assemblies, in  0.495 seconds
Refreshing native plugins compatible for Editor in 1.19 ms, found 2 plugins.
Native extension for WindowsStandalone target not found
Native extension for Android target not found
Mono: successfully reloaded assembly
- Finished resetting the current domain, in  0.492 seconds
Domain Reload Profiling:
	ReloadAssembly (242ms)
		BeginReloadAssembly (183ms)
			ExecutionOrderSort (0ms)
			DisableScriptedObjects (7ms)
			BackupInstance (0ms)
			ReleaseScriptingObjects (0ms)
			CreateAndSetChildDomain (28ms)
		LoadAllAssembliesAndSetupDomain (254ms)
			LoadAssemblies (140ms)
			RebuildTransferFunctionScriptingTraits (0ms)
			SetupTypeCache (170ms)
				TypeCache.Initialize (165ms)
					TypeCache.ScanAssembly (161ms)
				ResolveRequiredComponents (5ms)
		FinalizeReload (0ms)
			ReleaseScriptCaches (0ms)
			RebuildScriptCaches (0ms)
			SetupLoadedEditorAssemblies (252ms)
				LogAssemblyErrors (0ms)
				InitializePlatformSupportModulesInManaged (15ms)
				SetLoadedEditorAssemblies (3ms)
				RefreshPlugins (0ms)
				BeforeProcessingInitializeOnLoad (34ms)
				ProcessInitializeOnLoadAttributes (180ms)
				ProcessInitializeOnLoadMethodAttributes (18ms)
				AfterProcessingInitializeOnLoad (2ms)
				EditorAssembliesLoaded (0ms)
			ExecutionOrderSort2 (0ms)
			AwakeInstancesAfterBackupRestoration (8ms)
Refreshing native plugins compatible for Editor in 0.90 ms, found 2 plugins.
Preloading 0 native plugins for Editor in 0.00 ms.
Unloading 1705 Unused Serialized files (Serialized files now loaded: 0)
Unloading 33 unused Assets / (1.6 MB). Loaded Objects now: 2285.
Memory consumption went from 317.0 MB to 315.4 MB.
Total: 3.294100 ms (FindLiveObjects: 0.288500 ms CreateObjectMapping: 0.056400 ms MarkObjects: 2.449300 ms  DeleteObjects: 0.499000 ms)

Prepare: number of updated asset objects reloaded= 0
AssetImportParameters requested are different than current active one (requested -> active):
  custom:video-decoder-webm-vp8: 9c59270c3fd7afecdb556c50c9e8de78 -> 
  custom:scripting/monoscript/fileName/UIMenuManager.cs: 03a514df3da008682da3f660f898a503 -> d3a34efdfcbc28c1ba27a4d292ec7869
  custom:container-demuxer-ogg: 62fdf1f143b41e24485cea50d1cbac27 -> 
  custom:AudioImporter_EditorPlatform: d09bf68614088b80899f8185d706f6e7 -> 
  custom:scripting/monoscript/fileName/CheckSFXVolume.cs: 0031632dcd762e0d5d1000ba189b345d -> eee54ca0ca6a506ae949112461467222
  custom:video-decoder-ogg-theora: a1e56fd34408186e4bbccfd4996cb3dc -> 
  custom:scripting/monoscript/fileName/SlimUIWindow.cs: 96f93942c0bddaa19f070c220bda5711 -> 98218d34930a09c0ffdee48076194cfb
  custom:framework-win-MediaFoundation: 216162199b28c13a410421893ffa2e32 -> 
  custom:scripting/monoscript/fileName/ExtraLinks.cs: 1adcedf3fa8313d2cdb79b28eea806f4 -> 3aacf089bb936eeb41d6c4944ad6b53d
  custom:video-encoder-webm-vp8: eb34c28f22e8b96e1ab97ce403110664 -> 
  custom:scripting/monoscript/fileName/ThemedUIData.cs: a7c5267c0a28058e8d89ee09ef2e955e -> 4f890ea9b03dedc0c327cd74cecc037d
  custom:audio-decoder-ogg-vorbis: bf7c407c2cedff20999df2af8eb42d56 -> 
  custom:scripting/monoscript/fileName/CheckMusicVolume.cs: 7cd0c9f5f947d20ee9b9f68c06338612 -> 35420266a0dc9971e1d62d8f22b5825c
  custom:container-demuxer-webm: 4f35f7cbe854078d1ac9338744f61a02 -> 
  custom:scripting/monoscript/fileName/ThemedUI.cs: 55f73259b7b7902f31f56a19de7a32d6 -> 2b032e5ab0a1b31148ae4fce15aa3be3
  custom:audio-encoder-webm-vorbis: bf7c407c2cedff20999df2af8eb42d56 -> 
  custom:scripting/monoscript/fileName/ResetDemo.cs: 18e9dda52e5da0c092cd058eda8e35ca -> dcbbf29fcacd951d216c30b8221cf60c
  custom:scripting/monoscript/fileName/ThemedUIElement.cs: 701071ca36cc3a9667ed9adea14eb2f0 -> a720a39cc31196dc6427cc937fbe4f10
  custom:container-muxer-webm: aa71ff27fc2769a1b78a27578f13a17b -> 
  custom:scripting/monoscript/fileName/UISettingsManager.cs: bbe65d6b88b6a85690ef76887f75b3bc -> 658c237d11fe42068651cf384f19ab5b
========================================================================
Received Prepare
Begin MonoManager ReloadAssembly
- Loaded All Assemblies, in  0.504 seconds
Refreshing native plugins compatible for Editor in 0.78 ms, found 2 plugins.
Native extension for WindowsStandalone target not found
Native extension for Android target not found
Mono: successfully reloaded assembly
- Finished resetting the current domain, in  0.527 seconds
Domain Reload Profiling:
	ReloadAssembly (247ms)
		BeginReloadAssembly (188ms)
			ExecutionOrderSort (0ms)
			DisableScriptedObjects (5ms)
			BackupInstance (0ms)
			ReleaseScriptingObjects (0ms)
			CreateAndSetChildDomain (26ms)
		LoadAllAssembliesAndSetupDomain (257ms)
			LoadAssemblies (144ms)
			RebuildTransferFunctionScriptingTraits (0ms)
			SetupTypeCache (169ms)
				TypeCache.Initialize (165ms)
					TypeCache.ScanAssembly (161ms)
				ResolveRequiredComponents (4ms)
		FinalizeReload (0ms)
			ReleaseScriptCaches (0ms)
			RebuildScriptCaches (0ms)
			SetupLoadedEditorAssemblies (271ms)
				LogAssemblyErrors (0ms)
				InitializePlatformSupportModulesInManaged (17ms)
				SetLoadedEditorAssemblies (2ms)
				RefreshPlugins (0ms)
				BeforeProcessingInitializeOnLoad (36ms)
				ProcessInitializeOnLoadAttributes (196ms)
				ProcessInitializeOnLoadMethodAttributes (17ms)
				AfterProcessingInitializeOnLoad (3ms)
				EditorAssembliesLoaded (0ms)
			ExecutionOrderSort2 (0ms)
			AwakeInstancesAfterBackupRestoration (10ms)
Refreshing native plugins compatible for Editor in 1.21 ms, found 2 plugins.
Preloading 0 native plugins for Editor in 0.00 ms.
Unloading 1705 Unused Serialized files (Serialized files now loaded: 0)
Unloading 33 unused Assets / (1.6 MB). Loaded Objects now: 2288.
Memory consumption went from 317.0 MB to 315.4 MB.
Total: 4.218900 ms (FindLiveObjects: 0.284800 ms CreateObjectMapping: 0.064600 ms MarkObjects: 3.084100 ms  DeleteObjects: 0.784300 ms)

Prepare: number of updated asset objects reloaded= 0
AssetImportParameters requested are different than current active one (requested -> active):
  custom:video-decoder-webm-vp8: 9c59270c3fd7afecdb556c50c9e8de78 -> 
  custom:scripting/monoscript/fileName/UIMenuManager.cs: 03a514df3da008682da3f660f898a503 -> d3a34efdfcbc28c1ba27a4d292ec7869
  custom:container-demuxer-ogg: 62fdf1f143b41e24485cea50d1cbac27 -> 
  custom:AudioImporter_EditorPlatform: d09bf68614088b80899f8185d706f6e7 -> 
  custom:scripting/monoscript/fileName/CheckSFXVolume.cs: 0031632dcd762e0d5d1000ba189b345d -> eee54ca0ca6a506ae949112461467222
  custom:video-decoder-ogg-theora: a1e56fd34408186e4bbccfd4996cb3dc -> 
  custom:scripting/monoscript/fileName/SlimUIWindow.cs: 96f93942c0bddaa19f070c220bda5711 -> 98218d34930a09c0ffdee48076194cfb
  custom:framework-win-MediaFoundation: 216162199b28c13a410421893ffa2e32 -> 
  custom:scripting/monoscript/fileName/ExtraLinks.cs: 1adcedf3fa8313d2cdb79b28eea806f4 -> 3aacf089bb936eeb41d6c4944ad6b53d
  custom:video-encoder-webm-vp8: eb34c28f22e8b96e1ab97ce403110664 -> 
  custom:scripting/monoscript/fileName/ThemedUIData.cs: a7c5267c0a28058e8d89ee09ef2e955e -> 4f890ea9b03dedc0c327cd74cecc037d
  custom:audio-decoder-ogg-vorbis: bf7c407c2cedff20999df2af8eb42d56 -> 
  custom:scripting/monoscript/fileName/CheckMusicVolume.cs: 7cd0c9f5f947d20ee9b9f68c06338612 -> 35420266a0dc9971e1d62d8f22b5825c
  custom:container-demuxer-webm: 4f35f7cbe854078d1ac9338744f61a02 -> 
  custom:scripting/monoscript/fileName/ThemedUI.cs: 55f73259b7b7902f31f56a19de7a32d6 -> 2b032e5ab0a1b31148ae4fce15aa3be3
  custom:audio-encoder-webm-vorbis: bf7c407c2cedff20999df2af8eb42d56 -> 
  custom:scripting/monoscript/fileName/ResetDemo.cs: 18e9dda52e5da0c092cd058eda8e35ca -> dcbbf29fcacd951d216c30b8221cf60c
  custom:scripting/monoscript/fileName/ThemedUIElement.cs: 701071ca36cc3a9667ed9adea14eb2f0 -> a720a39cc31196dc6427cc937fbe4f10
  custom:container-muxer-webm: aa71ff27fc2769a1b78a27578f13a17b -> 
  custom:scripting/monoscript/fileName/UISettingsManager.cs: bbe65d6b88b6a85690ef76887f75b3bc -> 658c237d11fe42068651cf384f19ab5b
========================================================================
Received Prepare
Begin MonoManager ReloadAssembly
- Loaded All Assemblies, in  0.493 seconds
Refreshing native plugins compatible for Editor in 0.74 ms, found 2 plugins.
Native extension for WindowsStandalone target not found
Native extension for Android target not found
Mono: successfully reloaded assembly
- Finished resetting the current domain, in  0.540 seconds
Domain Reload Profiling:
	ReloadAssembly (248ms)
		BeginReloadAssembly (190ms)
			ExecutionOrderSort (0ms)
			DisableScriptedObjects (4ms)
			BackupInstance (0ms)
			ReleaseScriptingObjects (0ms)
			CreateAndSetChildDomain (26ms)
		LoadAllAssembliesAndSetupDomain (245ms)
			LoadAssemblies (147ms)
			RebuildTransferFunctionScriptingTraits (0ms)
			SetupTypeCache (163ms)
				TypeCache.Initialize (159ms)
					TypeCache.ScanAssembly (155ms)
				ResolveRequiredComponents (4ms)
		FinalizeReload (0ms)
			ReleaseScriptCaches (0ms)
			RebuildScriptCaches (0ms)
			SetupLoadedEditorAssemblies (278ms)
				LogAssemblyErrors (0ms)
				InitializePlatformSupportModulesInManaged (19ms)
				SetLoadedEditorAssemblies (2ms)
				RefreshPlugins (0ms)
				BeforeProcessingInitializeOnLoad (41ms)
				ProcessInitializeOnLoadAttributes (195ms)
				ProcessInitializeOnLoadMethodAttributes (17ms)
				AfterProcessingInitializeOnLoad (3ms)
				EditorAssembliesLoaded (0ms)
			ExecutionOrderSort2 (0ms)
			AwakeInstancesAfterBackupRestoration (9ms)
Refreshing native plugins compatible for Editor in 0.78 ms, found 2 plugins.
Preloading 0 native plugins for Editor in 0.00 ms.
Unloading 1705 Unused Serialized files (Serialized files now loaded: 0)
Unloading 33 unused Assets / (1.6 MB). Loaded Objects now: 2291.
Memory consumption went from 317.0 MB to 315.4 MB.
Total: 3.163800 ms (FindLiveObjects: 0.170700 ms CreateObjectMapping: 0.063900 ms MarkObjects: 2.394300 ms  DeleteObjects: 0.533800 ms)

Prepare: number of updated asset objects reloaded= 0
AssetImportParameters requested are different than current active one (requested -> active):
  custom:video-decoder-webm-vp8: 9c59270c3fd7afecdb556c50c9e8de78 -> 
  custom:scripting/monoscript/fileName/UIMenuManager.cs: 03a514df3da008682da3f660f898a503 -> d3a34efdfcbc28c1ba27a4d292ec7869
  custom:container-demuxer-ogg: 62fdf1f143b41e24485cea50d1cbac27 -> 
  custom:AudioImporter_EditorPlatform: d09bf68614088b80899f8185d706f6e7 -> 
  custom:scripting/monoscript/fileName/CheckSFXVolume.cs: 0031632dcd762e0d5d1000ba189b345d -> eee54ca0ca6a506ae949112461467222
  custom:video-decoder-ogg-theora: a1e56fd34408186e4bbccfd4996cb3dc -> 
  custom:scripting/monoscript/fileName/SlimUIWindow.cs: 96f93942c0bddaa19f070c220bda5711 -> 98218d34930a09c0ffdee48076194cfb
  custom:framework-win-MediaFoundation: 216162199b28c13a410421893ffa2e32 -> 
  custom:scripting/monoscript/fileName/ExtraLinks.cs: 1adcedf3fa8313d2cdb79b28eea806f4 -> 3aacf089bb936eeb41d6c4944ad6b53d
  custom:video-encoder-webm-vp8: eb34c28f22e8b96e1ab97ce403110664 -> 
  custom:scripting/monoscript/fileName/ThemedUIData.cs: a7c5267c0a28058e8d89ee09ef2e955e -> 4f890ea9b03dedc0c327cd74cecc037d
  custom:audio-decoder-ogg-vorbis: bf7c407c2cedff20999df2af8eb42d56 -> 
  custom:scripting/monoscript/fileName/CheckMusicVolume.cs: 7cd0c9f5f947d20ee9b9f68c06338612 -> 35420266a0dc9971e1d62d8f22b5825c
  custom:container-demuxer-webm: 4f35f7cbe854078d1ac9338744f61a02 -> 
  custom:scripting/monoscript/fileName/ThemedUI.cs: 55f73259b7b7902f31f56a19de7a32d6 -> 2b032e5ab0a1b31148ae4fce15aa3be3
  custom:audio-encoder-webm-vorbis: bf7c407c2cedff20999df2af8eb42d56 -> 
  custom:scripting/monoscript/fileName/ResetDemo.cs: 18e9dda52e5da0c092cd058eda8e35ca -> dcbbf29fcacd951d216c30b8221cf60c
  custom:scripting/monoscript/fileName/ThemedUIElement.cs: 701071ca36cc3a9667ed9adea14eb2f0 -> a720a39cc31196dc6427cc937fbe4f10
  custom:container-muxer-webm: aa71ff27fc2769a1b78a27578f13a17b -> 
  custom:scripting/monoscript/fileName/UISettingsManager.cs: bbe65d6b88b6a85690ef76887f75b3bc -> 658c237d11fe42068651cf384f19ab5b
========================================================================
Received Prepare
Begin MonoManager ReloadAssembly
- Loaded All Assemblies, in  0.500 seconds
Refreshing native plugins compatible for Editor in 0.79 ms, found 2 plugins.
Native extension for WindowsStandalone target not found
Native extension for Android target not found
Mono: successfully reloaded assembly
- Finished resetting the current domain, in  0.522 seconds
Domain Reload Profiling:
	ReloadAssembly (248ms)
		BeginReloadAssembly (184ms)
			ExecutionOrderSort (0ms)
			DisableScriptedObjects (4ms)
			BackupInstance (0ms)
			ReleaseScriptingObjects (0ms)
			CreateAndSetChildDomain (25ms)
		LoadAllAssembliesAndSetupDomain (252ms)
			LoadAssemblies (139ms)
			RebuildTransferFunctionScriptingTraits (0ms)
			SetupTypeCache (166ms)
				TypeCache.Initialize (162ms)
					TypeCache.ScanAssembly (158ms)
				ResolveRequiredComponents (4ms)
		FinalizeReload (0ms)
			ReleaseScriptCaches (0ms)
			RebuildScriptCaches (0ms)
			SetupLoadedEditorAssemblies (270ms)
				LogAssemblyErrors (0ms)
				InitializePlatformSupportModulesInManaged (18ms)
				SetLoadedEditorAssemblies (3ms)
				RefreshPlugins (0ms)
				BeforeProcessingInitializeOnLoad (39ms)
				ProcessInitializeOnLoadAttributes (190ms)
				ProcessInitializeOnLoadMethodAttributes (18ms)
				AfterProcessingInitializeOnLoad (2ms)
				EditorAssembliesLoaded (0ms)
			ExecutionOrderSort2 (0ms)
			AwakeInstancesAfterBackupRestoration (10ms)
Refreshing native plugins compatible for Editor in 0.82 ms, found 2 plugins.
Preloading 0 native plugins for Editor in 0.00 ms.
Unloading 1705 Unused Serialized files (Serialized files now loaded: 0)
Unloading 33 unused Assets / (1.6 MB). Loaded Objects now: 2294.
Memory consumption went from 317.0 MB to 315.4 MB.
Total: 3.686000 ms (FindLiveObjects: 0.160000 ms CreateObjectMapping: 0.046000 ms MarkObjects: 2.703300 ms  DeleteObjects: 0.775700 ms)

Prepare: number of updated asset objects reloaded= 0
AssetImportParameters requested are different than current active one (requested -> active):
  custom:video-decoder-webm-vp8: 9c59270c3fd7afecdb556c50c9e8de78 -> 
  custom:scripting/monoscript/fileName/UIMenuManager.cs: 03a514df3da008682da3f660f898a503 -> d3a34efdfcbc28c1ba27a4d292ec7869
  custom:container-demuxer-ogg: 62fdf1f143b41e24485cea50d1cbac27 -> 
  custom:AudioImporter_EditorPlatform: d09bf68614088b80899f8185d706f6e7 -> 
  custom:scripting/monoscript/fileName/CheckSFXVolume.cs: 0031632dcd762e0d5d1000ba189b345d -> eee54ca0ca6a506ae949112461467222
  custom:video-decoder-ogg-theora: a1e56fd34408186e4bbccfd4996cb3dc -> 
  custom:scripting/monoscript/fileName/SlimUIWindow.cs: 96f93942c0bddaa19f070c220bda5711 -> 98218d34930a09c0ffdee48076194cfb
  custom:framework-win-MediaFoundation: 216162199b28c13a410421893ffa2e32 -> 
  custom:scripting/monoscript/fileName/ExtraLinks.cs: 1adcedf3fa8313d2cdb79b28eea806f4 -> 3aacf089bb936eeb41d6c4944ad6b53d
  custom:video-encoder-webm-vp8: eb34c28f22e8b96e1ab97ce403110664 -> 
  custom:scripting/monoscript/fileName/ThemedUIData.cs: a7c5267c0a28058e8d89ee09ef2e955e -> 4f890ea9b03dedc0c327cd74cecc037d
  custom:audio-decoder-ogg-vorbis: bf7c407c2cedff20999df2af8eb42d56 -> 
  custom:scripting/monoscript/fileName/CheckMusicVolume.cs: 7cd0c9f5f947d20ee9b9f68c06338612 -> 35420266a0dc9971e1d62d8f22b5825c
  custom:container-demuxer-webm: 4f35f7cbe854078d1ac9338744f61a02 -> 
  custom:scripting/monoscript/fileName/ThemedUI.cs: 55f73259b7b7902f31f56a19de7a32d6 -> 2b032e5ab0a1b31148ae4fce15aa3be3
  custom:audio-encoder-webm-vorbis: bf7c407c2cedff20999df2af8eb42d56 -> 
  custom:scripting/monoscript/fileName/ResetDemo.cs: 18e9dda52e5da0c092cd058eda8e35ca -> dcbbf29fcacd951d216c30b8221cf60c
  custom:scripting/monoscript/fileName/ThemedUIElement.cs: 701071ca36cc3a9667ed9adea14eb2f0 -> a720a39cc31196dc6427cc937fbe4f10
  custom:container-muxer-webm: aa71ff27fc2769a1b78a27578f13a17b -> 
  custom:scripting/monoscript/fileName/UISettingsManager.cs: bbe65d6b88b6a85690ef76887f75b3bc -> 658c237d11fe42068651cf384f19ab5b
========================================================================
Received Prepare
Begin MonoManager ReloadAssembly
- Loaded All Assemblies, in  5.284 seconds
Refreshing native plugins compatible for Editor in 0.93 ms, found 2 plugins.
Native extension for WindowsStandalone target not found
Native extension for Android target not found
Mono: successfully reloaded assembly
- Finished resetting the current domain, in  5.245 seconds
Domain Reload Profiling:
	ReloadAssembly (3476ms)
		BeginReloadAssembly (3406ms)
			ExecutionOrderSort (0ms)
			DisableScriptedObjects (4ms)
			BackupInstance (0ms)
			ReleaseScriptingObjects (0ms)
			CreateAndSetChildDomain (31ms)
		LoadAllAssembliesAndSetupDomain (1809ms)
			LoadAssemblies (1647ms)
			RebuildTransferFunctionScriptingTraits (0ms)
			SetupTypeCache (226ms)
				TypeCache.Initialize (220ms)
					TypeCache.ScanAssembly (213ms)
				ResolveRequiredComponents (6ms)
		FinalizeReload (0ms)
			ReleaseScriptCaches (0ms)
			RebuildScriptCaches (0ms)
			SetupLoadedEditorAssemblies (284ms)
				LogAssemblyErrors (0ms)
				InitializePlatformSupportModulesInManaged (17ms)
				SetLoadedEditorAssemblies (3ms)
				RefreshPlugins (0ms)
				BeforeProcessingInitializeOnLoad (45ms)
				ProcessInitializeOnLoadAttributes (199ms)
				ProcessInitializeOnLoadMethodAttributes (17ms)
				AfterProcessingInitializeOnLoad (3ms)
				EditorAssembliesLoaded (0ms)
			ExecutionOrderSort2 (0ms)
			AwakeInstancesAfterBackupRestoration (10ms)
Refreshing native plugins compatible for Editor in 1.07 ms, found 2 plugins.
Preloading 0 native plugins for Editor in 0.00 ms.
Unloading 1705 Unused Serialized files (Serialized files now loaded: 0)
Unloading 33 unused Assets / (1.6 MB). Loaded Objects now: 2297.
Memory consumption went from 317.0 MB to 315.4 MB.
Total: 4.994900 ms (FindLiveObjects: 0.399600 ms CreateObjectMapping: 0.047500 ms MarkObjects: 4.002200 ms  DeleteObjects: 0.544800 ms)

Prepare: number of updated asset objects reloaded= 0
AssetImportParameters requested are different than current active one (requested -> active):
  custom:video-decoder-webm-vp8: 9c59270c3fd7afecdb556c50c9e8de78 -> 
  custom:scripting/monoscript/fileName/UIMenuManager.cs: 03a514df3da008682da3f660f898a503 -> d3a34efdfcbc28c1ba27a4d292ec7869
  custom:container-demuxer-ogg: 62fdf1f143b41e24485cea50d1cbac27 -> 
  custom:AudioImporter_EditorPlatform: d09bf68614088b80899f8185d706f6e7 -> 
  custom:scripting/monoscript/fileName/CheckSFXVolume.cs: 0031632dcd762e0d5d1000ba189b345d -> eee54ca0ca6a506ae949112461467222
  custom:video-decoder-ogg-theora: a1e56fd34408186e4bbccfd4996cb3dc -> 
  custom:scripting/monoscript/fileName/SlimUIWindow.cs: 96f93942c0bddaa19f070c220bda5711 -> 98218d34930a09c0ffdee48076194cfb
  custom:framework-win-MediaFoundation: 216162199b28c13a410421893ffa2e32 -> 
  custom:scripting/monoscript/fileName/ExtraLinks.cs: 1adcedf3fa8313d2cdb79b28eea806f4 -> 3aacf089bb936eeb41d6c4944ad6b53d
  custom:video-encoder-webm-vp8: eb34c28f22e8b96e1ab97ce403110664 -> 
  custom:scripting/monoscript/fileName/ThemedUIData.cs: a7c5267c0a28058e8d89ee09ef2e955e -> 4f890ea9b03dedc0c327cd74cecc037d
  custom:audio-decoder-ogg-vorbis: bf7c407c2cedff20999df2af8eb42d56 -> 
  custom:scripting/monoscript/fileName/CheckMusicVolume.cs: 7cd0c9f5f947d20ee9b9f68c06338612 -> 35420266a0dc9971e1d62d8f22b5825c
  custom:container-demuxer-webm: 4f35f7cbe854078d1ac9338744f61a02 -> 
  custom:scripting/monoscript/fileName/ThemedUI.cs: 55f73259b7b7902f31f56a19de7a32d6 -> 2b032e5ab0a1b31148ae4fce15aa3be3
  custom:audio-encoder-webm-vorbis: bf7c407c2cedff20999df2af8eb42d56 -> 
  custom:scripting/monoscript/fileName/ResetDemo.cs: 18e9dda52e5da0c092cd058eda8e35ca -> dcbbf29fcacd951d216c30b8221cf60c
  custom:scripting/monoscript/fileName/ThemedUIElement.cs: 701071ca36cc3a9667ed9adea14eb2f0 -> a720a39cc31196dc6427cc937fbe4f10
  custom:container-muxer-webm: aa71ff27fc2769a1b78a27578f13a17b -> 
  custom:scripting/monoscript/fileName/UISettingsManager.cs: bbe65d6b88b6a85690ef76887f75b3bc -> 658c237d11fe42068651cf384f19ab5b
========================================================================
Received Prepare
Begin MonoManager ReloadAssembly
- Loaded All Assemblies, in  0.499 seconds
Refreshing native plugins compatible for Editor in 0.86 ms, found 2 plugins.
Native extension for WindowsStandalone target not found
Native extension for Android target not found
Mono: successfully reloaded assembly
- Finished resetting the current domain, in  0.486 seconds
Domain Reload Profiling:
	ReloadAssembly (248ms)
		BeginReloadAssembly (186ms)
			ExecutionOrderSort (0ms)
			DisableScriptedObjects (5ms)
			BackupInstance (0ms)
			ReleaseScriptingObjects (0ms)
			CreateAndSetChildDomain (27ms)
		LoadAllAssembliesAndSetupDomain (251ms)
			LoadAssemblies (140ms)
			RebuildTransferFunctionScriptingTraits (0ms)
			SetupTypeCache (166ms)
				TypeCache.Initialize (162ms)
					TypeCache.ScanAssembly (158ms)
				ResolveRequiredComponents (4ms)
		FinalizeReload (0ms)
			ReleaseScriptCaches (0ms)
			RebuildScriptCaches (0ms)
			SetupLoadedEditorAssemblies (250ms)
				LogAssemblyErrors (0ms)
				InitializePlatformSupportModulesInManaged (14ms)
				SetLoadedEditorAssemblies (2ms)
				RefreshPlugins (0ms)
				BeforeProcessingInitializeOnLoad (34ms)
				ProcessInitializeOnLoadAttributes (179ms)
				ProcessInitializeOnLoadMethodAttributes (17ms)
				AfterProcessingInitializeOnLoad (3ms)
				EditorAssembliesLoaded (0ms)
			ExecutionOrderSort2 (0ms)
			AwakeInstancesAfterBackupRestoration (10ms)
Refreshing native plugins compatible for Editor in 0.96 ms, found 2 plugins.
Preloading 0 native plugins for Editor in 0.00 ms.
Unloading 1705 Unused Serialized files (Serialized files now loaded: 0)
Unloading 33 unused Assets / (1.6 MB). Loaded Objects now: 2300.
Memory consumption went from 317.0 MB to 315.4 MB.
Total: 3.317500 ms (FindLiveObjects: 0.154300 ms CreateObjectMapping: 0.045300 ms MarkObjects: 2.585000 ms  DeleteObjects: 0.532000 ms)

Prepare: number of updated asset objects reloaded= 0
AssetImportParameters requested are different than current active one (requested -> active):
  custom:video-decoder-webm-vp8: 9c59270c3fd7afecdb556c50c9e8de78 -> 
  custom:scripting/monoscript/fileName/UIMenuManager.cs: 03a514df3da008682da3f660f898a503 -> d3a34efdfcbc28c1ba27a4d292ec7869
  custom:container-demuxer-ogg: 62fdf1f143b41e24485cea50d1cbac27 -> 
  custom:AudioImporter_EditorPlatform: d09bf68614088b80899f8185d706f6e7 -> 
  custom:scripting/monoscript/fileName/CheckSFXVolume.cs: 0031632dcd762e0d5d1000ba189b345d -> eee54ca0ca6a506ae949112461467222
  custom:video-decoder-ogg-theora: a1e56fd34408186e4bbccfd4996cb3dc -> 
  custom:scripting/monoscript/fileName/SlimUIWindow.cs: 96f93942c0bddaa19f070c220bda5711 -> 98218d34930a09c0ffdee48076194cfb
  custom:framework-win-MediaFoundation: 216162199b28c13a410421893ffa2e32 -> 
  custom:scripting/monoscript/fileName/ExtraLinks.cs: 1adcedf3fa8313d2cdb79b28eea806f4 -> 3aacf089bb936eeb41d6c4944ad6b53d
  custom:video-encoder-webm-vp8: eb34c28f22e8b96e1ab97ce403110664 -> 
  custom:scripting/monoscript/fileName/ThemedUIData.cs: a7c5267c0a28058e8d89ee09ef2e955e -> 4f890ea9b03dedc0c327cd74cecc037d
  custom:audio-decoder-ogg-vorbis: bf7c407c2cedff20999df2af8eb42d56 -> 
  custom:scripting/monoscript/fileName/CheckMusicVolume.cs: 7cd0c9f5f947d20ee9b9f68c06338612 -> 35420266a0dc9971e1d62d8f22b5825c
  custom:container-demuxer-webm: 4f35f7cbe854078d1ac9338744f61a02 -> 
  custom:scripting/monoscript/fileName/ThemedUI.cs: 55f73259b7b7902f31f56a19de7a32d6 -> 2b032e5ab0a1b31148ae4fce15aa3be3
  custom:audio-encoder-webm-vorbis: bf7c407c2cedff20999df2af8eb42d56 -> 
  custom:scripting/monoscript/fileName/ResetDemo.cs: 18e9dda52e5da0c092cd058eda8e35ca -> dcbbf29fcacd951d216c30b8221cf60c
  custom:scripting/monoscript/fileName/ThemedUIElement.cs: 701071ca36cc3a9667ed9adea14eb2f0 -> a720a39cc31196dc6427cc937fbe4f10
  custom:container-muxer-webm: aa71ff27fc2769a1b78a27578f13a17b -> 
  custom:scripting/monoscript/fileName/UISettingsManager.cs: bbe65d6b88b6a85690ef76887f75b3bc -> 658c237d11fe42068651cf384f19ab5b
========================================================================
Received Prepare
Begin MonoManager ReloadAssembly
- Loaded All Assemblies, in  0.524 seconds
Refreshing native plugins compatible for Editor in 0.81 ms, found 2 plugins.
Native extension for WindowsStandalone target not found
Native extension for Android target not found
Mono: successfully reloaded assembly
- Finished resetting the current domain, in  0.457 seconds
Domain Reload Profiling:
	ReloadAssembly (246ms)
		BeginReloadAssembly (187ms)
			ExecutionOrderSort (0ms)
			DisableScriptedObjects (4ms)
			BackupInstance (0ms)
			ReleaseScriptingObjects (0ms)
			CreateAndSetChildDomain (27ms)
		LoadAllAssembliesAndSetupDomain (278ms)
			LoadAssemblies (158ms)
			RebuildTransferFunctionScriptingTraits (0ms)
			SetupTypeCache (180ms)
				TypeCache.Initialize (176ms)
					TypeCache.ScanAssembly (172ms)
				ResolveRequiredComponents (4ms)
		FinalizeReload (0ms)
			ReleaseScriptCaches (0ms)
			RebuildScriptCaches (0ms)
			SetupLoadedEditorAssemblies (228ms)
				LogAssemblyErrors (0ms)
				InitializePlatformSupportModulesInManaged (14ms)
				SetLoadedEditorAssemblies (2ms)
				RefreshPlugins (0ms)
				BeforeProcessingInitializeOnLoad (33ms)
				ProcessInitializeOnLoadAttributes (161ms)
				ProcessInitializeOnLoadMethodAttributes (15ms)
				AfterProcessingInitializeOnLoad (2ms)
				EditorAssembliesLoaded (0ms)
			ExecutionOrderSort2 (0ms)
			AwakeInstancesAfterBackupRestoration (7ms)
Refreshing native plugins compatible for Editor in 0.78 ms, found 2 plugins.
Preloading 0 native plugins for Editor in 0.00 ms.
Unloading 1705 Unused Serialized files (Serialized files now loaded: 0)
Unloading 33 unused Assets / (1.6 MB). Loaded Objects now: 2303.
Memory consumption went from 317.0 MB to 315.4 MB.
Total: 4.703100 ms (FindLiveObjects: 0.209000 ms CreateObjectMapping: 0.068900 ms MarkObjects: 3.385400 ms  DeleteObjects: 1.038400 ms)

Prepare: number of updated asset objects reloaded= 0
AssetImportParameters requested are different than current active one (requested -> active):
  custom:video-decoder-webm-vp8: 9c59270c3fd7afecdb556c50c9e8de78 -> 
  custom:scripting/monoscript/fileName/UIMenuManager.cs: 03a514df3da008682da3f660f898a503 -> d3a34efdfcbc28c1ba27a4d292ec7869
  custom:container-demuxer-ogg: 62fdf1f143b41e24485cea50d1cbac27 -> 
  custom:AudioImporter_EditorPlatform: d09bf68614088b80899f8185d706f6e7 -> 
  custom:scripting/monoscript/fileName/CheckSFXVolume.cs: 0031632dcd762e0d5d1000ba189b345d -> eee54ca0ca6a506ae949112461467222
  custom:video-decoder-ogg-theora: a1e56fd34408186e4bbccfd4996cb3dc -> 
  custom:scripting/monoscript/fileName/SlimUIWindow.cs: 96f93942c0bddaa19f070c220bda5711 -> 98218d34930a09c0ffdee48076194cfb
  custom:framework-win-MediaFoundation: 216162199b28c13a410421893ffa2e32 -> 
  custom:scripting/monoscript/fileName/ExtraLinks.cs: 1adcedf3fa8313d2cdb79b28eea806f4 -> 3aacf089bb936eeb41d6c4944ad6b53d
  custom:video-encoder-webm-vp8: eb34c28f22e8b96e1ab97ce403110664 -> 
  custom:scripting/monoscript/fileName/ThemedUIData.cs: a7c5267c0a28058e8d89ee09ef2e955e -> 4f890ea9b03dedc0c327cd74cecc037d
  custom:audio-decoder-ogg-vorbis: bf7c407c2cedff20999df2af8eb42d56 -> 
  custom:scripting/monoscript/fileName/CheckMusicVolume.cs: 7cd0c9f5f947d20ee9b9f68c06338612 -> 35420266a0dc9971e1d62d8f22b5825c
  custom:container-demuxer-webm: 4f35f7cbe854078d1ac9338744f61a02 -> 
  custom:scripting/monoscript/fileName/ThemedUI.cs: 55f73259b7b7902f31f56a19de7a32d6 -> 2b032e5ab0a1b31148ae4fce15aa3be3
  custom:audio-encoder-webm-vorbis: bf7c407c2cedff20999df2af8eb42d56 -> 
  custom:scripting/monoscript/fileName/ResetDemo.cs: 18e9dda52e5da0c092cd058eda8e35ca -> dcbbf29fcacd951d216c30b8221cf60c
  custom:scripting/monoscript/fileName/ThemedUIElement.cs: 701071ca36cc3a9667ed9adea14eb2f0 -> a720a39cc31196dc6427cc937fbe4f10
  custom:container-muxer-webm: aa71ff27fc2769a1b78a27578f13a17b -> 
  custom:scripting/monoscript/fileName/UISettingsManager.cs: bbe65d6b88b6a85690ef76887f75b3bc -> 658c237d11fe42068651cf384f19ab5b
========================================================================
Received Import Request.
  Time since last request: 347305.105233 seconds.
  path: Assets/Thirdparty/SiegePack/Prefabs/Models/Buildings/Walls/Stone Wall 1.prefab
  artifactKey: Guid(f0b9c2a9cd648c0438e386de5e5e0710) Importer(815301076,1909f56bfc062723c751e8b465ee728b)
Start importing Assets/Thirdparty/SiegePack/Prefabs/Models/Buildings/Walls/Stone Wall 1.prefab using Guid(f0b9c2a9cd648c0438e386de5e5e0710) Importer(815301076,1909f56bfc062723c751e8b465ee728b)  -> (artifact id: 'f64d5e277901e69756842670abba93f6') in 0.176997 seconds 
Number of updated asset objects reloaded before import = 0
Number of asset objects unloaded after import = 10
========================================================================
Received Import Request.
  Time since last request: 0.064818 seconds.
  path: Assets/Thirdparty/SiegePack/Prefabs/Models/Buildings/Walls/Stone Wall 2.prefab
  artifactKey: Guid(ca81786f45794b041a38678f923f9cdc) Importer(815301076,1909f56bfc062723c751e8b465ee728b)
Start importing Assets/Thirdparty/SiegePack/Prefabs/Models/Buildings/Walls/Stone Wall 2.prefab using Guid(ca81786f45794b041a38678f923f9cdc) Importer(815301076,1909f56bfc062723c751e8b465ee728b)  -> (artifact id: '2cfb0c399f2aef2a6c9aba9b6059ddfe') in 0.026107 seconds 
Number of updated asset objects reloaded before import = 0
Number of asset objects unloaded after import = 9
========================================================================
Received Import Request.
  Time since last request: 0.000015 seconds.
  path: Assets/Thirdparty/SiegePack/Prefabs/Models/Buildings/Walls/Stone Wall 3.prefab
  artifactKey: Guid(2a5b838373a77634780f8f0c5d525720) Importer(815301076,1909f56bfc062723c751e8b465ee728b)
Start importing Assets/Thirdparty/SiegePack/Prefabs/Models/Buildings/Walls/Stone Wall 3.prefab using Guid(2a5b838373a77634780f8f0c5d525720) Importer(815301076,1909f56bfc062723c751e8b465ee728b)  -> (artifact id: '9082dbb59a60d88cde24145dbd0fcd6f') in 0.020901 seconds 
Number of updated asset objects reloaded before import = 0
Number of asset objects unloaded after import = 9
========================================================================
Received Import Request.
  Time since last request: 0.000015 seconds.
  path: Assets/Thirdparty/SiegePack/Prefabs/Models/Buildings/Walls/Wood Gates.prefab
  artifactKey: Guid(2bf632440a0123e49b2604001afd9b87) Importer(815301076,1909f56bfc062723c751e8b465ee728b)
Start importing Assets/Thirdparty/SiegePack/Prefabs/Models/Buildings/Walls/Wood Gates.prefab using Guid(2bf632440a0123e49b2604001afd9b87) Importer(815301076,1909f56bfc062723c751e8b465ee728b)  -> (artifact id: '38383be5f156af054a067fdc40a2acd6') in 0.018127 seconds 
Internal: There are remaining Allocations on the JobTempAlloc. This is a leak, and will impact performance
To Debug, run app with -diag-job-temp-memory-leak-validation cmd line argument. This will output the callstacks of the leaked allocations.
Number of updated asset objects reloaded before import = 0
Number of asset objects unloaded after import = 40
========================================================================
Received Import Request.
  Time since last request: 0.000016 seconds.
  path: Assets/Thirdparty/SiegePack/Prefabs/Models/Buildings/Walls/Wood Wall 1.prefab
  artifactKey: Guid(b4c136270da7bfa42ad969e45f30476e) Importer(815301076,1909f56bfc062723c751e8b465ee728b)
Start importing Assets/Thirdparty/SiegePack/Prefabs/Models/Buildings/Walls/Wood Wall 1.prefab using Guid(b4c136270da7bfa42ad969e45f30476e) Importer(815301076,1909f56bfc062723c751e8b465ee728b)  -> (artifact id: 'ca8920c1c3b95d6f7cf86895a3b82659') in 0.020107 seconds 
Internal: There are remaining Allocations on the JobTempAlloc. This is a leak, and will impact performance
To Debug, run app with -diag-job-temp-memory-leak-validation cmd line argument. This will output the callstacks of the leaked allocations.
Number of updated asset objects reloaded before import = 0
Number of asset objects unloaded after import = 9
========================================================================
Received Import Request.
  Time since last request: 19.463209 seconds.
  path: Assets/Thirdparty/SiegePack/Prefabs/Models/Buildings/Big Tent Red.prefab
  artifactKey: Guid(bcb5133fea38e774397255cae15ea7ad) Importer(815301076,1909f56bfc062723c751e8b465ee728b)
Start importing Assets/Thirdparty/SiegePack/Prefabs/Models/Buildings/Big Tent Red.prefab using Guid(bcb5133fea38e774397255cae15ea7ad) Importer(815301076,1909f56bfc062723c751e8b465ee728b)  -> (artifact id: 'a4cdc69ab22a070a3e4a46d562a9def3') in 0.020566 seconds 
Internal: There are remaining Allocations on the JobTempAlloc. This is a leak, and will impact performance
To Debug, run app with -diag-job-temp-memory-leak-validation cmd line argument. This will output the callstacks of the leaked allocations.
Number of updated asset objects reloaded before import = 0
Number of asset objects unloaded after import = 9
========================================================================
Received Import Request.
  Time since last request: 0.000014 seconds.
  path: Assets/Thirdparty/SiegePack/Prefabs/Models/Buildings/Small Tent 1.prefab
  artifactKey: Guid(dc4902c8a8f8f3240aa8474193367070) Importer(815301076,1909f56bfc062723c751e8b465ee728b)
Start importing Assets/Thirdparty/SiegePack/Prefabs/Models/Buildings/Small Tent 1.prefab using Guid(dc4902c8a8f8f3240aa8474193367070) Importer(815301076,1909f56bfc062723c751e8b465ee728b)  -> (artifact id: '2589bc78914e244c279bf6f00aa016c6') in 0.016796 seconds 
Internal: There are remaining Allocations on the JobTempAlloc. This is a leak, and will impact performance
To Debug, run app with -diag-job-temp-memory-leak-validation cmd line argument. This will output the callstacks of the leaked allocations.
Number of updated asset objects reloaded before import = 0
Number of asset objects unloaded after import = 10
========================================================================
Received Import Request.
  Time since last request: 0.000017 seconds.
  path: Assets/Thirdparty/SiegePack/Prefabs/Models/Buildings/Small Tent 2.prefab
  artifactKey: Guid(02c6b9e7de516f2438314a034fe23f20) Importer(815301076,1909f56bfc062723c751e8b465ee728b)
Start importing Assets/Thirdparty/SiegePack/Prefabs/Models/Buildings/Small Tent 2.prefab using Guid(02c6b9e7de516f2438314a034fe23f20) Importer(815301076,1909f56bfc062723c751e8b465ee728b)  -> (artifact id: '40b9a3a95df6e8c75ef75300419c5473') in 0.023407 seconds 
Internal: There are remaining Allocations on the JobTempAlloc. This is a leak, and will impact performance
To Debug, run app with -diag-job-temp-memory-leak-validation cmd line argument. This will output the callstacks of the leaked allocations.
Number of updated asset objects reloaded before import = 0
Number of asset objects unloaded after import = 9
Editor requested this worker to shutdown with reason: Scaling down because of idle timeout
TcpMessagingSession - receive error: operation aborted. errorcode: 995, details: The I/O operation has been aborted because of either a thread exit or an application request.
AssetImportWorker is now disconnected from the server
Process exiting
Exiting without the bug reporter. Application will terminate with return code 0